<?xml version="1.0" encoding="utf-8"?>
<CoverageSession xmlns:xsd="http://www.w3.org/2001/XMLSchema" xmlns:xsi="http://www.w3.org/2001/XMLSchema-instance" Version="4.7.922.0">
  <Summary numSequencePoints="830" visitedSequencePoints="187" numBranchPoints="240" visitedBranchPoints="46" sequenceCoverage="22.53" branchCoverage="19.17" maxCyclomaticComplexity="10" minCyclomaticComplexity="1" maxCrapScore="110" minCrapScore="1" visitedClasses="8" numClasses="17" visitedMethods="43" numMethods="138" />
  <Modules>
    <Module hash="F6-C6-44-22-71-AB-29-CB-CC-4A-DA-B5-7C-AB-F6-58-DA-B7-53-B4">
      <Summary numSequencePoints="183" visitedSequencePoints="55" numBranchPoints="46" visitedBranchPoints="10" sequenceCoverage="30.05" branchCoverage="21.74" maxCyclomaticComplexity="5" minCyclomaticComplexity="1" maxCrapScore="30" minCrapScore="1.00" visitedClasses="3" numClasses="3" visitedMethods="10" numMethods="28" />
      <ModulePath>C:\Users\洪子翔\Desktop\大三上-視窗程式設計\DrawingFormAndApp\DrawingFormTests\bin\Debug\fine-code-coverage\build-output\DrawingFormTests.dll</ModulePath>
      <ModuleTime>2021-12-26T08:08:26.7011741Z</ModuleTime>
      <ModuleName>DrawingFormTests</ModuleName>
      <Files>
        <File uid="1" fullPath="C:\Users\洪子翔\Desktop\大三上-視窗程式設計\DrawingFormAndApp\DrawingFormTests\PresentationModelTests.cs" />
        <File uid="2" fullPath="C:\Users\洪子翔\Desktop\大三上-視窗程式設計\DrawingFormAndApp\DrawingFormTests\Robot.cs" />
        <File uid="3" fullPath="C:\Users\洪子翔\Desktop\大三上-視窗程式設計\DrawingFormAndApp\DrawingFormTests\UITests.cs" />
      </Files>
      <Classes>
        <Class>
          <Summary numSequencePoints="39" visitedSequencePoints="39" numBranchPoints="6" visitedBranchPoints="6" sequenceCoverage="100" branchCoverage="100" maxCyclomaticComplexity="1" minCyclomaticComplexity="1" maxCrapScore="2" minCrapScore="1" visitedClasses="1" numClasses="1" visitedMethods="6" numMethods="6" />
          <FullName>DrawingForm.Tests.PresentationModelTests</FullName>
          <Methods>
            <Method visited="true" cyclomaticComplexity="1" nPathComplexity="0" sequenceCoverage="100" branchCoverage="100" crapScore="1" isConstructor="false" isStatic="false" isGetter="false" isSetter="false">
              <Summary numSequencePoints="4" visitedSequencePoints="4" numBranchPoints="1" visitedBranchPoints="1" sequenceCoverage="100" branchCoverage="100" maxCyclomaticComplexity="1" minCyclomaticComplexity="1" maxCrapScore="1" minCrapScore="1" visitedClasses="0" numClasses="0" visitedMethods="1" numMethods="1" />
              <MetadataToken>100663297</MetadataToken>
              <Name>System.Void DrawingForm.Tests.PresentationModelTests::Initialize()</Name>
              <FileRef uid="1" />
              <SequencePoints>
                <SequencePoint vc="5" uspid="1" ordinal="0" offset="0" sl="20" sc="9" el="20" ec="10" bec="0" bev="0" fileid="1" />
                <SequencePoint vc="5" uspid="2" ordinal="1" offset="1" sl="21" sc="13" el="21" ec="46" bec="0" bev="0" fileid="1" />
                <SequencePoint vc="5" uspid="3" ordinal="2" offset="12" sl="22" sc="13" el="22" ec="62" bec="0" bev="0" fileid="1" />
                <SequencePoint vc="5" uspid="4" ordinal="3" offset="29" sl="23" sc="9" el="23" ec="10" bec="0" bev="0" fileid="1" />
              </SequencePoints>
              <BranchPoints />
              <MethodPoint xsi:type="SequencePoint" vc="5" uspid="1" ordinal="0" offset="0" sl="20" sc="9" el="20" ec="10" bec="0" bev="0" fileid="1" />
            </Method>
            <Method visited="true" cyclomaticComplexity="1" nPathComplexity="0" sequenceCoverage="100" branchCoverage="100" crapScore="1" isConstructor="false" isStatic="false" isGetter="false" isSetter="false">
              <Summary numSequencePoints="6" visitedSequencePoints="6" numBranchPoints="1" visitedBranchPoints="1" sequenceCoverage="100" branchCoverage="100" maxCyclomaticComplexity="1" minCyclomaticComplexity="1" maxCrapScore="1" minCrapScore="1" visitedClasses="0" numClasses="0" visitedMethods="1" numMethods="1" />
              <MetadataToken>100663298</MetadataToken>
              <Name>System.Void DrawingForm.Tests.PresentationModelTests::TestClear()</Name>
              <FileRef uid="1" />
              <SequencePoints>
                <SequencePoint vc="1" uspid="5" ordinal="0" offset="0" sl="28" sc="9" el="28" ec="10" bec="0" bev="0" fileid="1" />
                <SequencePoint vc="1" uspid="6" ordinal="1" offset="1" sl="29" sc="13" el="29" ec="39" bec="0" bev="0" fileid="1" />
                <SequencePoint vc="1" uspid="7" ordinal="2" offset="13" sl="30" sc="13" el="30" ec="63" bec="0" bev="0" fileid="1" />
                <SequencePoint vc="1" uspid="8" ordinal="3" offset="30" sl="31" sc="13" el="31" ec="61" bec="0" bev="0" fileid="1" />
                <SequencePoint vc="1" uspid="9" ordinal="4" offset="47" sl="32" sc="13" el="32" ec="58" bec="0" bev="0" fileid="1" />
                <SequencePoint vc="1" uspid="10" ordinal="5" offset="64" sl="33" sc="9" el="33" ec="10" bec="0" bev="0" fileid="1" />
              </SequencePoints>
              <BranchPoints />
              <MethodPoint xsi:type="SequencePoint" vc="1" uspid="5" ordinal="0" offset="0" sl="28" sc="9" el="28" ec="10" bec="0" bev="0" fileid="1" />
            </Method>
            <Method visited="true" cyclomaticComplexity="1" nPathComplexity="0" sequenceCoverage="100" branchCoverage="100" crapScore="1" isConstructor="false" isStatic="false" isGetter="false" isSetter="false">
              <Summary numSequencePoints="6" visitedSequencePoints="6" numBranchPoints="1" visitedBranchPoints="1" sequenceCoverage="100" branchCoverage="100" maxCyclomaticComplexity="1" minCyclomaticComplexity="1" maxCrapScore="1" minCrapScore="1" visitedClasses="0" numClasses="0" visitedMethods="1" numMethods="1" />
              <MetadataToken>100663299</MetadataToken>
              <Name>System.Void DrawingForm.Tests.PresentationModelTests::TestSetRectangleMode()</Name>
              <FileRef uid="1" />
              <SequencePoints>
                <SequencePoint vc="1" uspid="11" ordinal="0" offset="0" sl="38" sc="9" el="38" ec="10" bec="0" bev="0" fileid="1" />
                <SequencePoint vc="1" uspid="12" ordinal="1" offset="1" sl="39" sc="13" el="39" ec="50" bec="0" bev="0" fileid="1" />
                <SequencePoint vc="1" uspid="13" ordinal="2" offset="13" sl="40" sc="13" el="40" ec="62" bec="0" bev="0" fileid="1" />
                <SequencePoint vc="1" uspid="14" ordinal="3" offset="30" sl="41" sc="13" el="41" ec="61" bec="0" bev="0" fileid="1" />
                <SequencePoint vc="1" uspid="15" ordinal="4" offset="47" sl="42" sc="13" el="42" ec="58" bec="0" bev="0" fileid="1" />
                <SequencePoint vc="1" uspid="16" ordinal="5" offset="64" sl="43" sc="9" el="43" ec="10" bec="0" bev="0" fileid="1" />
              </SequencePoints>
              <BranchPoints />
              <MethodPoint xsi:type="SequencePoint" vc="1" uspid="11" ordinal="0" offset="0" sl="38" sc="9" el="38" ec="10" bec="0" bev="0" fileid="1" />
            </Method>
            <Method visited="true" cyclomaticComplexity="1" nPathComplexity="0" sequenceCoverage="100" branchCoverage="100" crapScore="1" isConstructor="false" isStatic="false" isGetter="false" isSetter="false">
              <Summary numSequencePoints="6" visitedSequencePoints="6" numBranchPoints="1" visitedBranchPoints="1" sequenceCoverage="100" branchCoverage="100" maxCyclomaticComplexity="1" minCyclomaticComplexity="1" maxCrapScore="1" minCrapScore="1" visitedClasses="0" numClasses="0" visitedMethods="1" numMethods="1" />
              <MetadataToken>100663300</MetadataToken>
              <Name>System.Void DrawingForm.Tests.PresentationModelTests::TestSetEllipseMode()</Name>
              <FileRef uid="1" />
              <SequencePoints>
                <SequencePoint vc="1" uspid="17" ordinal="0" offset="0" sl="48" sc="9" el="48" ec="10" bec="0" bev="0" fileid="1" />
                <SequencePoint vc="1" uspid="18" ordinal="1" offset="1" sl="49" sc="13" el="49" ec="48" bec="0" bev="0" fileid="1" />
                <SequencePoint vc="1" uspid="19" ordinal="2" offset="13" sl="50" sc="13" el="50" ec="63" bec="0" bev="0" fileid="1" />
                <SequencePoint vc="1" uspid="20" ordinal="3" offset="30" sl="51" sc="13" el="51" ec="60" bec="0" bev="0" fileid="1" />
                <SequencePoint vc="1" uspid="21" ordinal="4" offset="47" sl="52" sc="13" el="52" ec="58" bec="0" bev="0" fileid="1" />
                <SequencePoint vc="1" uspid="22" ordinal="5" offset="64" sl="53" sc="9" el="53" ec="10" bec="0" bev="0" fileid="1" />
              </SequencePoints>
              <BranchPoints />
              <MethodPoint xsi:type="SequencePoint" vc="1" uspid="17" ordinal="0" offset="0" sl="48" sc="9" el="48" ec="10" bec="0" bev="0" fileid="1" />
            </Method>
            <Method visited="true" cyclomaticComplexity="1" nPathComplexity="0" sequenceCoverage="100" branchCoverage="100" crapScore="1" isConstructor="false" isStatic="false" isGetter="false" isSetter="false">
              <Summary numSequencePoints="6" visitedSequencePoints="6" numBranchPoints="1" visitedBranchPoints="1" sequenceCoverage="100" branchCoverage="100" maxCyclomaticComplexity="1" minCyclomaticComplexity="1" maxCrapScore="1" minCrapScore="1" visitedClasses="0" numClasses="0" visitedMethods="1" numMethods="1" />
              <MetadataToken>100663301</MetadataToken>
              <Name>System.Void DrawingForm.Tests.PresentationModelTests::TestSetLineMode()</Name>
              <FileRef uid="1" />
              <SequencePoints>
                <SequencePoint vc="1" uspid="23" ordinal="0" offset="0" sl="58" sc="9" el="58" ec="10" bec="0" bev="0" fileid="1" />
                <SequencePoint vc="1" uspid="24" ordinal="1" offset="1" sl="59" sc="13" el="59" ec="45" bec="0" bev="0" fileid="1" />
                <SequencePoint vc="1" uspid="25" ordinal="2" offset="13" sl="60" sc="13" el="60" ec="63" bec="0" bev="0" fileid="1" />
                <SequencePoint vc="1" uspid="26" ordinal="3" offset="30" sl="61" sc="13" el="61" ec="61" bec="0" bev="0" fileid="1" />
                <SequencePoint vc="1" uspid="27" ordinal="4" offset="47" sl="62" sc="13" el="62" ec="57" bec="0" bev="0" fileid="1" />
                <SequencePoint vc="1" uspid="28" ordinal="5" offset="64" sl="63" sc="9" el="63" ec="10" bec="0" bev="0" fileid="1" />
              </SequencePoints>
              <BranchPoints />
              <MethodPoint xsi:type="SequencePoint" vc="1" uspid="23" ordinal="0" offset="0" sl="58" sc="9" el="58" ec="10" bec="0" bev="0" fileid="1" />
            </Method>
            <Method visited="true" cyclomaticComplexity="1" nPathComplexity="0" sequenceCoverage="100" branchCoverage="100" crapScore="1" isConstructor="false" isStatic="false" isGetter="false" isSetter="false">
              <Summary numSequencePoints="11" visitedSequencePoints="11" numBranchPoints="1" visitedBranchPoints="1" sequenceCoverage="100" branchCoverage="100" maxCyclomaticComplexity="1" minCyclomaticComplexity="1" maxCrapScore="1" minCrapScore="1" visitedClasses="0" numClasses="0" visitedMethods="1" numMethods="1" />
              <MetadataToken>100663302</MetadataToken>
              <Name>System.Void DrawingForm.Tests.PresentationModelTests::TestSetInfo()</Name>
              <FileRef uid="1" />
              <SequencePoints>
                <SequencePoint vc="1" uspid="29" ordinal="0" offset="0" sl="68" sc="9" el="68" ec="10" bec="0" bev="0" fileid="1" />
                <SequencePoint vc="1" uspid="30" ordinal="1" offset="1" sl="69" sc="13" el="69" ec="73" bec="0" bev="0" fileid="1" />
                <SequencePoint vc="1" uspid="31" ordinal="2" offset="7" sl="70" sc="13" el="70" ec="38" bec="0" bev="0" fileid="1" />
                <SequencePoint vc="1" uspid="32" ordinal="3" offset="19" sl="71" sc="13" el="71" ec="27" bec="0" bev="0" fileid="1" />
                <SequencePoint vc="1" uspid="33" ordinal="4" offset="35" sl="72" sc="13" el="72" ec="27" bec="0" bev="0" fileid="1" />
                <SequencePoint vc="1" uspid="34" ordinal="5" offset="51" sl="73" sc="13" el="73" ec="28" bec="0" bev="0" fileid="1" />
                <SequencePoint vc="1" uspid="35" ordinal="6" offset="67" sl="74" sc="13" el="74" ec="28" bec="0" bev="0" fileid="1" />
                <SequencePoint vc="1" uspid="36" ordinal="7" offset="83" sl="75" sc="13" el="75" ec="34" bec="0" bev="0" fileid="1" />
                <SequencePoint vc="1" uspid="37" ordinal="8" offset="96" sl="76" sc="13" el="76" ec="41" bec="0" bev="0" fileid="1" />
                <SequencePoint vc="1" uspid="38" ordinal="9" offset="108" sl="77" sc="13" el="77" ec="81" bec="0" bev="0" fileid="1" />
                <SequencePoint vc="1" uspid="39" ordinal="10" offset="130" sl="78" sc="9" el="78" ec="10" bec="0" bev="0" fileid="1" />
              </SequencePoints>
              <BranchPoints />
              <MethodPoint xsi:type="SequencePoint" vc="1" uspid="29" ordinal="0" offset="0" sl="68" sc="9" el="68" ec="10" bec="0" bev="0" fileid="1" />
            </Method>
            <Method visited="false" cyclomaticComplexity="1" nPathComplexity="0" sequenceCoverage="0" branchCoverage="0" crapScore="2" isConstructor="true" isStatic="false" isGetter="false" isSetter="false">
              <Summary numSequencePoints="0" visitedSequencePoints="0" numBranchPoints="0" visitedBranchPoints="0" sequenceCoverage="0" branchCoverage="0" maxCyclomaticComplexity="1" minCyclomaticComplexity="1" maxCrapScore="2" minCrapScore="2" visitedClasses="0" numClasses="0" visitedMethods="0" numMethods="0" />
              <MetadataToken>100663303</MetadataToken>
              <Name>System.Void DrawingForm.Tests.PresentationModelTests::.ctor()</Name>
              <SequencePoints />
              <BranchPoints />
              <MethodPoint vc="0" uspid="40" ordinal="0" offset="0" />
            </Method>
          </Methods>
        </Class>
        <Class>
          <Summary numSequencePoints="126" visitedSequencePoints="9" numBranchPoints="35" visitedBranchPoints="2" sequenceCoverage="7.14" branchCoverage="5.71" maxCyclomaticComplexity="5" minCyclomaticComplexity="1" maxCrapScore="30" minCrapScore="1.02" visitedClasses="1" numClasses="1" visitedMethods="2" numMethods="17" />
          <FullName>DrawingForm.Tests.Robot</FullName>
          <Methods>
            <Method visited="true" cyclomaticComplexity="1" nPathComplexity="0" sequenceCoverage="75" branchCoverage="100" crapScore="1.02" isConstructor="true" isStatic="false" isGetter="false" isSetter="false">
              <Summary numSequencePoints="4" visitedSequencePoints="3" numBranchPoints="1" visitedBranchPoints="1" sequenceCoverage="75" branchCoverage="100" maxCyclomaticComplexity="1" minCyclomaticComplexity="1" maxCrapScore="1.02" minCrapScore="1.02" visitedClasses="0" numClasses="0" visitedMethods="1" numMethods="1" />
              <MetadataToken>100663304</MetadataToken>
              <Name>System.Void DrawingForm.Tests.Robot::.ctor(System.String,System.String)</Name>
              <FileRef uid="2" />
              <SequencePoints>
                <SequencePoint vc="3" uspid="41" ordinal="0" offset="0" sl="24" sc="9" el="24" ec="56" bec="0" bev="0" fileid="2" />
                <SequencePoint vc="3" uspid="42" ordinal="1" offset="7" sl="25" sc="9" el="25" ec="10" bec="0" bev="0" fileid="2" />
                <SequencePoint vc="3" uspid="43" ordinal="2" offset="8" sl="26" sc="13" el="26" ec="50" bec="0" bev="0" fileid="2" />
                <SequencePoint vc="0" uspid="44" ordinal="3" offset="17" sl="27" sc="9" el="27" ec="10" bec="0" bev="0" fileid="2" />
              </SequencePoints>
              <BranchPoints />
              <MethodPoint xsi:type="SequencePoint" vc="3" uspid="41" ordinal="0" offset="0" sl="24" sc="9" el="24" ec="56" bec="0" bev="0" fileid="2" />
            </Method>
            <Method visited="true" cyclomaticComplexity="1" nPathComplexity="0" sequenceCoverage="66.67" branchCoverage="100" crapScore="1.04" isConstructor="false" isStatic="false" isGetter="false" isSetter="false">
              <Summary numSequencePoints="9" visitedSequencePoints="6" numBranchPoints="1" visitedBranchPoints="1" sequenceCoverage="66.67" branchCoverage="100" maxCyclomaticComplexity="1" minCyclomaticComplexity="1" maxCrapScore="1.04" minCrapScore="1.04" visitedClasses="0" numClasses="0" visitedMethods="1" numMethods="1" />
              <MetadataToken>100663305</MetadataToken>
              <Name>System.Void DrawingForm.Tests.Robot::Initialize(System.String,System.String)</Name>
              <FileRef uid="2" />
              <SequencePoints>
                <SequencePoint vc="3" uspid="45" ordinal="0" offset="0" sl="31" sc="9" el="31" ec="10" bec="0" bev="0" fileid="2" />
                <SequencePoint vc="3" uspid="46" ordinal="1" offset="1" sl="32" sc="13" el="32" ec="26" bec="0" bev="0" fileid="2" />
                <SequencePoint vc="3" uspid="47" ordinal="2" offset="8" sl="33" sc="13" el="33" ec="47" bec="0" bev="0" fileid="2" />
                <SequencePoint vc="3" uspid="48" ordinal="3" offset="14" sl="34" sc="13" el="34" ec="67" bec="0" bev="0" fileid="2" />
                <SequencePoint vc="3" uspid="49" ordinal="4" offset="27" sl="35" sc="13" el="35" ec="72" bec="0" bev="0" fileid="2" />
                <SequencePoint vc="3" uspid="50" ordinal="5" offset="44" sl="37" sc="13" el="37" ec="95" bec="0" bev="0" fileid="2" />
                <SequencePoint vc="0" uspid="51" ordinal="6" offset="66" sl="38" sc="13" el="38" ec="80" bec="0" bev="0" fileid="2" />
                <SequencePoint vc="0" uspid="52" ordinal="7" offset="102" sl="39" sc="13" el="42" ec="15" bec="0" bev="0" fileid="2" />
                <SequencePoint vc="0" uspid="53" ordinal="8" offset="137" sl="43" sc="9" el="43" ec="10" bec="0" bev="0" fileid="2" />
              </SequencePoints>
              <BranchPoints />
              <MethodPoint xsi:type="SequencePoint" vc="3" uspid="45" ordinal="0" offset="0" sl="31" sc="9" el="31" ec="10" bec="0" bev="0" fileid="2" />
            </Method>
            <Method visited="false" cyclomaticComplexity="1" nPathComplexity="0" sequenceCoverage="0" branchCoverage="0" crapScore="2" isConstructor="false" isStatic="false" isGetter="false" isSetter="false">
              <Summary numSequencePoints="5" visitedSequencePoints="0" numBranchPoints="1" visitedBranchPoints="0" sequenceCoverage="0" branchCoverage="0" maxCyclomaticComplexity="1" minCyclomaticComplexity="1" maxCrapScore="2" minCrapScore="2" visitedClasses="0" numClasses="0" visitedMethods="0" numMethods="1" />
              <MetadataToken>100663306</MetadataToken>
              <Name>System.Void DrawingForm.Tests.Robot::CleanUp()</Name>
              <FileRef uid="2" />
              <SequencePoints>
                <SequencePoint vc="0" uspid="54" ordinal="0" offset="0" sl="47" sc="9" el="47" ec="10" bec="0" bev="0" fileid="2" />
                <SequencePoint vc="0" uspid="55" ordinal="1" offset="1" sl="48" sc="13" el="48" ec="29" bec="0" bev="0" fileid="2" />
                <SequencePoint vc="0" uspid="56" ordinal="2" offset="14" sl="49" sc="13" el="49" ec="32" bec="0" bev="0" fileid="2" />
                <SequencePoint vc="0" uspid="57" ordinal="3" offset="26" sl="50" sc="13" el="50" ec="31" bec="0" bev="0" fileid="2" />
                <SequencePoint vc="0" uspid="58" ordinal="4" offset="38" sl="51" sc="9" el="51" ec="10" bec="0" bev="0" fileid="2" />
              </SequencePoints>
              <BranchPoints />
              <MethodPoint xsi:type="SequencePoint" vc="0" uspid="54" ordinal="0" offset="0" sl="47" sc="9" el="47" ec="10" bec="0" bev="0" fileid="2" />
            </Method>
            <Method visited="false" cyclomaticComplexity="4" nPathComplexity="2" sequenceCoverage="0" branchCoverage="0" crapScore="20" isConstructor="false" isStatic="false" isGetter="false" isSetter="false">
              <Summary numSequencePoints="22" visitedSequencePoints="0" numBranchPoints="3" visitedBranchPoints="0" sequenceCoverage="0" branchCoverage="0" maxCyclomaticComplexity="4" minCyclomaticComplexity="4" maxCrapScore="20" minCrapScore="20" visitedClasses="0" numClasses="0" visitedMethods="0" numMethods="1" />
              <MetadataToken>100663307</MetadataToken>
              <Name>System.Void DrawingForm.Tests.Robot::SwitchTo(System.String)</Name>
              <FileRef uid="2" />
              <SequencePoints>
                <SequencePoint vc="0" uspid="59" ordinal="0" offset="0" sl="55" sc="9" el="55" ec="10" bec="0" bev="0" fileid="2" />
                <SequencePoint vc="0" uspid="60" ordinal="1" offset="1" sl="56" sc="13" el="56" ec="54" bec="2" bev="0" fileid="2" />
                <SequencePoint vc="0" uspid="61" ordinal="2" offset="17" sl="57" sc="13" el="57" ec="14" bec="0" bev="0" fileid="2" />
                <SequencePoint vc="0" uspid="62" ordinal="3" offset="18" sl="58" sc="17" el="58" ec="69" bec="0" bev="0" fileid="2" />
                <SequencePoint vc="0" uspid="63" ordinal="4" offset="47" sl="59" sc="13" el="59" ec="14" bec="0" bev="0" fileid="2" />
                <SequencePoint vc="0" uspid="64" ordinal="5" offset="50" sl="61" sc="13" el="61" ec="14" bec="0" bev="0" fileid="2" />
                <SequencePoint vc="0" uspid="65" ordinal="6" offset="51" sl="62" sc="17" el="62" ec="24" bec="0" bev="0" fileid="2" />
                <SequencePoint vc="0" uspid="66" ordinal="7" offset="52" sl="62" sc="46" el="62" ec="67" bec="0" bev="0" fileid="2" />
                <SequencePoint vc="0" uspid="67" ordinal="8" offset="71" sl="62" sc="26" el="62" ec="42" bec="0" bev="0" fileid="2" />
                <SequencePoint vc="0" uspid="68" ordinal="9" offset="78" sl="63" sc="17" el="63" ec="18" bec="0" bev="0" fileid="2" />
                <SequencePoint vc="0" uspid="69" ordinal="10" offset="79" sl="64" sc="21" el="64" ec="61" bec="0" bev="0" fileid="2" />
                <SequencePoint vc="0" uspid="70" ordinal="11" offset="97" sl="66" sc="21" el="66" ec="22" bec="0" bev="0" fileid="2" />
                <SequencePoint vc="0" uspid="71" ordinal="12" offset="98" sl="67" sc="25" el="67" ec="72" bec="0" bev="0" fileid="2" />
                <SequencePoint vc="0" uspid="72" ordinal="13" offset="111" sl="68" sc="25" el="68" ec="68" bec="0" bev="0" fileid="2" />
                <SequencePoint vc="0" uspid="73" ordinal="14" offset="125" sl="69" sc="25" el="69" ec="32" bec="0" bev="0" fileid="2" />
                <SequencePoint vc="0" uspid="74" ordinal="15" offset="127" sl="71" sc="21" el="71" ec="26" bec="0" bev="0" fileid="2" />
                <SequencePoint vc="0" uspid="75" ordinal="16" offset="128" sl="72" sc="21" el="72" ec="22" bec="0" bev="0" fileid="2" />
                <SequencePoint vc="0" uspid="76" ordinal="17" offset="129" sl="74" sc="21" el="74" ec="22" bec="0" bev="0" fileid="2" />
                <SequencePoint vc="0" uspid="77" ordinal="18" offset="132" sl="75" sc="17" el="75" ec="18" bec="0" bev="0" fileid="2" />
                <SequencePoint vc="0" uspid="78" ordinal="19" offset="133" sl="62" sc="43" el="62" ec="45" bec="0" bev="0" fileid="2" />
                <SequencePoint vc="0" uspid="79" ordinal="20" offset="154" sl="76" sc="13" el="76" ec="14" bec="0" bev="0" fileid="2" />
                <SequencePoint vc="0" uspid="80" ordinal="21" offset="155" sl="77" sc="9" el="77" ec="10" bec="0" bev="0" fileid="2" />
              </SequencePoints>
              <BranchPoints>
                <BranchPoint vc="0" uspid="81" ordinal="0" offset="15" sl="56" path="0" offsetend="17" fileid="2" />
                <BranchPoint vc="0" uspid="82" ordinal="1" offset="15" sl="56" path="1" offsetend="50" fileid="2" />
              </BranchPoints>
              <MethodPoint xsi:type="SequencePoint" vc="0" uspid="59" ordinal="0" offset="0" sl="55" sc="9" el="55" ec="10" bec="0" bev="0" fileid="2" />
            </Method>
            <Method visited="false" cyclomaticComplexity="1" nPathComplexity="0" sequenceCoverage="0" branchCoverage="0" crapScore="2" isConstructor="false" isStatic="false" isGetter="false" isSetter="false">
              <Summary numSequencePoints="3" visitedSequencePoints="0" numBranchPoints="1" visitedBranchPoints="0" sequenceCoverage="0" branchCoverage="0" maxCyclomaticComplexity="1" minCyclomaticComplexity="1" maxCrapScore="2" minCrapScore="2" visitedClasses="0" numClasses="0" visitedMethods="0" numMethods="1" />
              <MetadataToken>100663308</MetadataToken>
              <Name>System.Void DrawingForm.Tests.Robot::Sleep(System.Double)</Name>
              <FileRef uid="2" />
              <SequencePoints>
                <SequencePoint vc="0" uspid="85" ordinal="0" offset="0" sl="81" sc="9" el="81" ec="10" bec="0" bev="0" fileid="2" />
                <SequencePoint vc="0" uspid="86" ordinal="1" offset="1" sl="82" sc="13" el="82" ec="54" bec="0" bev="0" fileid="2" />
                <SequencePoint vc="0" uspid="87" ordinal="2" offset="13" sl="83" sc="9" el="83" ec="10" bec="0" bev="0" fileid="2" />
              </SequencePoints>
              <BranchPoints />
              <MethodPoint xsi:type="SequencePoint" vc="0" uspid="85" ordinal="0" offset="0" sl="81" sc="9" el="81" ec="10" bec="0" bev="0" fileid="2" />
            </Method>
            <Method visited="false" cyclomaticComplexity="1" nPathComplexity="0" sequenceCoverage="0" branchCoverage="0" crapScore="2" isConstructor="false" isStatic="false" isGetter="false" isSetter="false">
              <Summary numSequencePoints="3" visitedSequencePoints="0" numBranchPoints="1" visitedBranchPoints="0" sequenceCoverage="0" branchCoverage="0" maxCyclomaticComplexity="1" minCyclomaticComplexity="1" maxCrapScore="2" minCrapScore="2" visitedClasses="0" numClasses="0" visitedMethods="0" numMethods="1" />
              <MetadataToken>100663309</MetadataToken>
              <Name>System.Void DrawingForm.Tests.Robot::ClickButton(System.String)</Name>
              <FileRef uid="2" />
              <SequencePoints>
                <SequencePoint vc="0" uspid="88" ordinal="0" offset="0" sl="87" sc="9" el="87" ec="10" bec="0" bev="0" fileid="2" />
                <SequencePoint vc="0" uspid="89" ordinal="1" offset="1" sl="88" sc="13" el="88" ec="53" bec="0" bev="0" fileid="2" />
                <SequencePoint vc="0" uspid="90" ordinal="2" offset="19" sl="89" sc="9" el="89" ec="10" bec="0" bev="0" fileid="2" />
              </SequencePoints>
              <BranchPoints />
              <MethodPoint xsi:type="SequencePoint" vc="0" uspid="88" ordinal="0" offset="0" sl="87" sc="9" el="87" ec="10" bec="0" bev="0" fileid="2" />
            </Method>
            <Method visited="false" cyclomaticComplexity="4" nPathComplexity="2" sequenceCoverage="0" branchCoverage="0" crapScore="20" isConstructor="false" isStatic="false" isGetter="false" isSetter="false">
              <Summary numSequencePoints="11" visitedSequencePoints="0" numBranchPoints="3" visitedBranchPoints="0" sequenceCoverage="0" branchCoverage="0" maxCyclomaticComplexity="4" minCyclomaticComplexity="4" maxCrapScore="20" minCrapScore="20" visitedClasses="0" numClasses="0" visitedMethods="0" numMethods="1" />
              <MetadataToken>100663310</MetadataToken>
              <Name>System.Void DrawingForm.Tests.Robot::ClickTabControl(System.String)</Name>
              <FileRef uid="2" />
              <SequencePoints>
                <SequencePoint vc="0" uspid="91" ordinal="0" offset="0" sl="93" sc="9" el="93" ec="10" bec="0" bev="0" fileid="2" />
                <SequencePoint vc="0" uspid="92" ordinal="1" offset="1" sl="94" sc="13" el="94" ec="61" bec="0" bev="0" fileid="2" />
                <SequencePoint vc="0" uspid="93" ordinal="2" offset="14" sl="95" sc="13" el="95" ec="20" bec="0" bev="0" fileid="2" />
                <SequencePoint vc="0" uspid="94" ordinal="3" offset="15" sl="95" sc="37" el="95" ec="45" bec="0" bev="0" fileid="2" />
                <SequencePoint vc="0" uspid="95" ordinal="4" offset="24" sl="95" sc="22" el="95" ec="33" bec="0" bev="0" fileid="2" />
                <SequencePoint vc="0" uspid="96" ordinal="5" offset="31" sl="96" sc="13" el="96" ec="14" bec="0" bev="0" fileid="2" />
                <SequencePoint vc="0" uspid="97" ordinal="6" offset="32" sl="97" sc="17" el="97" ec="62" bec="2" bev="0" fileid="2" />
                <SequencePoint vc="0" uspid="98" ordinal="7" offset="52" sl="98" sc="21" el="98" ec="37" bec="0" bev="0" fileid="2" />
                <SequencePoint vc="0" uspid="99" ordinal="8" offset="59" sl="99" sc="13" el="99" ec="14" bec="0" bev="0" fileid="2" />
                <SequencePoint vc="0" uspid="100" ordinal="9" offset="60" sl="95" sc="34" el="95" ec="36" bec="0" bev="0" fileid="2" />
                <SequencePoint vc="0" uspid="101" ordinal="10" offset="81" sl="100" sc="9" el="100" ec="10" bec="0" bev="0" fileid="2" />
              </SequencePoints>
              <BranchPoints>
                <BranchPoint vc="0" uspid="102" ordinal="0" offset="50" sl="97" path="0" offsetend="52" fileid="2" />
                <BranchPoint vc="0" uspid="103" ordinal="1" offset="50" sl="97" path="1" offsetend="59" fileid="2" />
              </BranchPoints>
              <MethodPoint xsi:type="SequencePoint" vc="0" uspid="91" ordinal="0" offset="0" sl="93" sc="9" el="93" ec="10" bec="0" bev="0" fileid="2" />
            </Method>
            <Method visited="false" cyclomaticComplexity="1" nPathComplexity="0" sequenceCoverage="0" branchCoverage="0" crapScore="2" isConstructor="false" isStatic="false" isGetter="false" isSetter="false">
              <Summary numSequencePoints="3" visitedSequencePoints="0" numBranchPoints="1" visitedBranchPoints="0" sequenceCoverage="0" branchCoverage="0" maxCyclomaticComplexity="1" minCyclomaticComplexity="1" maxCrapScore="2" minCrapScore="2" visitedClasses="0" numClasses="0" visitedMethods="0" numMethods="1" />
              <MetadataToken>100663311</MetadataToken>
              <Name>System.Void DrawingForm.Tests.Robot::CloseWindow()</Name>
              <FileRef uid="2" />
              <SequencePoints>
                <SequencePoint vc="0" uspid="106" ordinal="0" offset="0" sl="104" sc="9" el="104" ec="10" bec="0" bev="0" fileid="2" />
                <SequencePoint vc="0" uspid="107" ordinal="1" offset="1" sl="105" sc="13" el="105" ec="40" bec="0" bev="0" fileid="2" />
                <SequencePoint vc="0" uspid="108" ordinal="2" offset="12" sl="106" sc="9" el="106" ec="10" bec="0" bev="0" fileid="2" />
              </SequencePoints>
              <BranchPoints />
              <MethodPoint xsi:type="SequencePoint" vc="0" uspid="106" ordinal="0" offset="0" sl="104" sc="9" el="104" ec="10" bec="0" bev="0" fileid="2" />
            </Method>
            <Method visited="false" cyclomaticComplexity="1" nPathComplexity="0" sequenceCoverage="0" branchCoverage="0" crapScore="2" isConstructor="false" isStatic="false" isGetter="false" isSetter="false">
              <Summary numSequencePoints="3" visitedSequencePoints="0" numBranchPoints="1" visitedBranchPoints="0" sequenceCoverage="0" branchCoverage="0" maxCyclomaticComplexity="1" minCyclomaticComplexity="1" maxCrapScore="2" minCrapScore="2" visitedClasses="0" numClasses="0" visitedMethods="0" numMethods="1" />
              <MetadataToken>100663312</MetadataToken>
              <Name>System.Void DrawingForm.Tests.Robot::CloseMessageBox()</Name>
              <FileRef uid="2" />
              <SequencePoints>
                <SequencePoint vc="0" uspid="109" ordinal="0" offset="0" sl="110" sc="9" el="110" ec="10" bec="0" bev="0" fileid="2" />
                <SequencePoint vc="0" uspid="110" ordinal="1" offset="1" sl="111" sc="13" el="111" ec="53" bec="0" bev="0" fileid="2" />
                <SequencePoint vc="0" uspid="111" ordinal="2" offset="23" sl="112" sc="9" el="112" ec="10" bec="0" bev="0" fileid="2" />
              </SequencePoints>
              <BranchPoints />
              <MethodPoint xsi:type="SequencePoint" vc="0" uspid="109" ordinal="0" offset="0" sl="110" sc="9" el="110" ec="10" bec="0" bev="0" fileid="2" />
            </Method>
            <Method visited="false" cyclomaticComplexity="1" nPathComplexity="0" sequenceCoverage="0" branchCoverage="0" crapScore="2" isConstructor="false" isStatic="false" isGetter="false" isSetter="false">
              <Summary numSequencePoints="4" visitedSequencePoints="0" numBranchPoints="1" visitedBranchPoints="0" sequenceCoverage="0" branchCoverage="0" maxCyclomaticComplexity="1" minCyclomaticComplexity="1" maxCrapScore="2" minCrapScore="2" visitedClasses="0" numClasses="0" visitedMethods="0" numMethods="1" />
              <MetadataToken>100663313</MetadataToken>
              <Name>System.Void DrawingForm.Tests.Robot::AssertEnable(System.String,System.Boolean)</Name>
              <FileRef uid="2" />
              <SequencePoints>
                <SequencePoint vc="0" uspid="112" ordinal="0" offset="0" sl="116" sc="9" el="116" ec="10" bec="0" bev="0" fileid="2" />
                <SequencePoint vc="0" uspid="113" ordinal="1" offset="1" sl="117" sc="13" el="117" ec="70" bec="0" bev="0" fileid="2" />
                <SequencePoint vc="0" uspid="114" ordinal="2" offset="14" sl="118" sc="13" el="118" ec="53" bec="0" bev="0" fileid="2" />
                <SequencePoint vc="0" uspid="115" ordinal="3" offset="27" sl="119" sc="9" el="119" ec="10" bec="0" bev="0" fileid="2" />
              </SequencePoints>
              <BranchPoints />
              <MethodPoint xsi:type="SequencePoint" vc="0" uspid="112" ordinal="0" offset="0" sl="116" sc="9" el="116" ec="10" bec="0" bev="0" fileid="2" />
            </Method>
            <Method visited="false" cyclomaticComplexity="1" nPathComplexity="0" sequenceCoverage="0" branchCoverage="0" crapScore="2" isConstructor="false" isStatic="false" isGetter="false" isSetter="false">
              <Summary numSequencePoints="4" visitedSequencePoints="0" numBranchPoints="1" visitedBranchPoints="0" sequenceCoverage="0" branchCoverage="0" maxCyclomaticComplexity="1" minCyclomaticComplexity="1" maxCrapScore="2" minCrapScore="2" visitedClasses="0" numClasses="0" visitedMethods="0" numMethods="1" />
              <MetadataToken>100663314</MetadataToken>
              <Name>System.Void DrawingForm.Tests.Robot::AssertText(System.String,System.String)</Name>
              <FileRef uid="2" />
              <SequencePoints>
                <SequencePoint vc="0" uspid="116" ordinal="0" offset="0" sl="123" sc="9" el="123" ec="10" bec="0" bev="0" fileid="2" />
                <SequencePoint vc="0" uspid="117" ordinal="1" offset="1" sl="124" sc="13" el="124" ec="81" bec="0" bev="0" fileid="2" />
                <SequencePoint vc="0" uspid="118" ordinal="2" offset="14" sl="125" sc="13" el="125" ec="49" bec="0" bev="0" fileid="2" />
                <SequencePoint vc="0" uspid="119" ordinal="3" offset="27" sl="126" sc="9" el="126" ec="10" bec="0" bev="0" fileid="2" />
              </SequencePoints>
              <BranchPoints />
              <MethodPoint xsi:type="SequencePoint" vc="0" uspid="116" ordinal="0" offset="0" sl="123" sc="9" el="123" ec="10" bec="0" bev="0" fileid="2" />
            </Method>
            <Method visited="false" cyclomaticComplexity="5" nPathComplexity="16" sequenceCoverage="0" branchCoverage="0" crapScore="30" isConstructor="false" isStatic="false" isGetter="false" isSetter="false">
              <Summary numSequencePoints="17" visitedSequencePoints="0" numBranchPoints="9" visitedBranchPoints="0" sequenceCoverage="0" branchCoverage="0" maxCyclomaticComplexity="5" minCyclomaticComplexity="5" maxCrapScore="30" minCrapScore="30" visitedClasses="0" numClasses="0" visitedMethods="0" numMethods="1" />
              <MetadataToken>100663315</MetadataToken>
              <Name>System.Void DrawingForm.Tests.Robot::AssertDataGridViewRowCountBy(System.String,System.Int32)</Name>
              <FileRef uid="2" />
              <SequencePoints>
                <SequencePoint vc="0" uspid="120" ordinal="0" offset="0" sl="130" sc="9" el="130" ec="10" bec="0" bev="0" fileid="2" />
                <SequencePoint vc="0" uspid="121" ordinal="1" offset="1" sl="131" sc="13" el="131" ec="75" bec="0" bev="0" fileid="2" />
                <SequencePoint vc="0" uspid="122" ordinal="2" offset="14" sl="132" sc="13" el="132" ec="87" bec="0" bev="0" fileid="2" />
                <SequencePoint vc="0" uspid="123" ordinal="3" offset="51" sl="133" sc="13" el="133" ec="76" bec="0" bev="0" fileid="2" />
                <SequencePoint vc="0" uspid="124" ordinal="4" offset="60" sl="136" sc="13" el="136" ec="14" bec="0" bev="0" fileid="2" />
                <SequencePoint vc="0" uspid="125" ordinal="5" offset="61" sl="137" sc="17" el="137" ec="71" bec="0" bev="0" fileid="2" />
                <SequencePoint vc="0" uspid="126" ordinal="6" offset="73" sl="138" sc="13" el="138" ec="14" bec="0" bev="0" fileid="2" />
                <SequencePoint vc="0" uspid="127" ordinal="7" offset="74" sl="135" sc="13" el="135" ec="106" bec="4" bev="0" fileid="2" />
                <SequencePoint vc="0" uspid="128" ordinal="8" offset="120" sl="140" sc="13" el="140" ec="33" bec="2" bev="0" fileid="2" />
                <SequencePoint vc="0" uspid="129" ordinal="9" offset="133" sl="141" sc="13" el="141" ec="14" bec="0" bev="0" fileid="2" />
                <SequencePoint vc="0" uspid="130" ordinal="10" offset="134" sl="142" sc="17" el="142" ec="105" bec="0" bev="0" fileid="2" />
                <SequencePoint vc="0" uspid="131" ordinal="11" offset="152" sl="144" sc="17" el="144" ec="41" bec="2" bev="0" fileid="2" />
                <SequencePoint vc="0" uspid="132" ordinal="12" offset="163" sl="145" sc="17" el="145" ec="18" bec="0" bev="0" fileid="2" />
                <SequencePoint vc="0" uspid="133" ordinal="13" offset="164" sl="146" sc="21" el="146" ec="77" bec="0" bev="0" fileid="2" />
                <SequencePoint vc="0" uspid="134" ordinal="14" offset="187" sl="147" sc="17" el="147" ec="18" bec="0" bev="0" fileid="2" />
                <SequencePoint vc="0" uspid="135" ordinal="15" offset="188" sl="148" sc="13" el="148" ec="14" bec="0" bev="0" fileid="2" />
                <SequencePoint vc="0" uspid="136" ordinal="16" offset="189" sl="149" sc="9" el="149" ec="10" bec="0" bev="0" fileid="2" />
              </SequencePoints>
              <BranchPoints>
                <BranchPoint vc="0" uspid="137" ordinal="0" offset="81" sl="135" path="0" offsetend="83" fileid="2" />
                <BranchPoint vc="0" uspid="138" ordinal="1" offset="81" sl="135" path="1" offsetend="113" fileid="2" />
                <BranchPoint vc="0" uspid="139" ordinal="2" offset="118" sl="135" path="0" offsetend="120" fileid="2" />
                <BranchPoint vc="0" uspid="140" ordinal="3" offset="118" sl="135" path="1" offsetend="60" fileid="2" />
                <BranchPoint vc="0" uspid="141" ordinal="4" offset="131" sl="140" path="0" offsetend="133" fileid="2" />
                <BranchPoint vc="0" uspid="142" ordinal="5" offset="131" sl="140" path="1" offsetend="189" fileid="2" />
                <BranchPoint vc="0" uspid="143" ordinal="6" offset="161" sl="144" path="0" offsetend="163" fileid="2" />
                <BranchPoint vc="0" uspid="144" ordinal="7" offset="161" sl="144" path="1" offsetend="188" fileid="2" />
              </BranchPoints>
              <MethodPoint xsi:type="SequencePoint" vc="0" uspid="120" ordinal="0" offset="0" sl="130" sc="9" el="130" ec="10" bec="0" bev="0" fileid="2" />
            </Method>
            <Method visited="false" cyclomaticComplexity="2" nPathComplexity="2" sequenceCoverage="0" branchCoverage="0" crapScore="6" isConstructor="false" isStatic="false" isGetter="false" isSetter="false">
              <Summary numSequencePoints="10" visitedSequencePoints="0" numBranchPoints="3" visitedBranchPoints="0" sequenceCoverage="0" branchCoverage="0" maxCyclomaticComplexity="2" minCyclomaticComplexity="2" maxCrapScore="6" minCrapScore="6" visitedClasses="0" numClasses="0" visitedMethods="0" numMethods="1" />
              <MetadataToken>100663316</MetadataToken>
              <Name>System.Void DrawingForm.Tests.Robot::ClickListBox(System.String,System.String)</Name>
              <FileRef uid="2" />
              <SequencePoints>
                <SequencePoint vc="0" uspid="145" ordinal="0" offset="0" sl="153" sc="9" el="153" ec="10" bec="0" bev="0" fileid="2" />
                <SequencePoint vc="0" uspid="146" ordinal="1" offset="1" sl="154" sc="13" el="154" ec="70" bec="0" bev="0" fileid="2" />
                <SequencePoint vc="0" uspid="147" ordinal="2" offset="14" sl="155" sc="13" el="155" ec="62" bec="0" bev="0" fileid="2" />
                <SequencePoint vc="0" uspid="148" ordinal="3" offset="24" sl="157" sc="13" el="157" ec="14" bec="0" bev="0" fileid="2" />
                <SequencePoint vc="0" uspid="149" ordinal="4" offset="25" sl="158" sc="17" el="158" ec="62" bec="0" bev="0" fileid="2" />
                <SequencePoint vc="0" uspid="150" ordinal="5" offset="42" sl="159" sc="17" el="159" ec="30" bec="0" bev="0" fileid="2" />
                <SequencePoint vc="0" uspid="151" ordinal="6" offset="49" sl="160" sc="13" el="160" ec="14" bec="0" bev="0" fileid="2" />
                <SequencePoint vc="0" uspid="152" ordinal="7" offset="50" sl="156" sc="13" el="156" ec="45" bec="2" bev="0" fileid="2" />
                <SequencePoint vc="0" uspid="153" ordinal="8" offset="63" sl="161" sc="13" el="161" ec="28" bec="0" bev="0" fileid="2" />
                <SequencePoint vc="0" uspid="154" ordinal="9" offset="70" sl="162" sc="9" el="162" ec="10" bec="0" bev="0" fileid="2" />
              </SequencePoints>
              <BranchPoints>
                <BranchPoint vc="0" uspid="155" ordinal="0" offset="61" sl="156" path="0" offsetend="63" fileid="2" />
                <BranchPoint vc="0" uspid="156" ordinal="1" offset="61" sl="156" path="1" offsetend="24" fileid="2" />
              </BranchPoints>
              <MethodPoint xsi:type="SequencePoint" vc="0" uspid="145" ordinal="0" offset="0" sl="153" sc="9" el="153" ec="10" bec="0" bev="0" fileid="2" />
            </Method>
            <Method visited="false" cyclomaticComplexity="1" nPathComplexity="0" sequenceCoverage="0" branchCoverage="0" crapScore="2" isConstructor="false" isStatic="false" isGetter="false" isSetter="false">
              <Summary numSequencePoints="5" visitedSequencePoints="0" numBranchPoints="1" visitedBranchPoints="0" sequenceCoverage="0" branchCoverage="0" maxCyclomaticComplexity="1" minCyclomaticComplexity="1" maxCrapScore="2" minCrapScore="2" visitedClasses="0" numClasses="0" visitedMethods="0" numMethods="1" />
              <MetadataToken>100663317</MetadataToken>
              <Name>System.Void DrawingForm.Tests.Robot::InputKeyById(System.String,System.String)</Name>
              <FileRef uid="2" />
              <SequencePoints>
                <SequencePoint vc="0" uspid="157" ordinal="0" offset="0" sl="166" sc="9" el="166" ec="10" bec="0" bev="0" fileid="2" />
                <SequencePoint vc="0" uspid="158" ordinal="1" offset="1" sl="167" sc="13" el="167" ec="81" bec="0" bev="0" fileid="2" />
                <SequencePoint vc="0" uspid="159" ordinal="2" offset="14" sl="168" sc="13" el="168" ec="36" bec="0" bev="0" fileid="2" />
                <SequencePoint vc="0" uspid="160" ordinal="3" offset="22" sl="169" sc="13" el="169" ec="58" bec="0" bev="0" fileid="2" />
                <SequencePoint vc="0" uspid="161" ordinal="4" offset="34" sl="170" sc="9" el="170" ec="10" bec="0" bev="0" fileid="2" />
              </SequencePoints>
              <BranchPoints />
              <MethodPoint xsi:type="SequencePoint" vc="0" uspid="157" ordinal="0" offset="0" sl="166" sc="9" el="166" ec="10" bec="0" bev="0" fileid="2" />
            </Method>
            <Method visited="false" cyclomaticComplexity="1" nPathComplexity="0" sequenceCoverage="0" branchCoverage="0" crapScore="2" isConstructor="false" isStatic="false" isGetter="false" isSetter="false">
              <Summary numSequencePoints="5" visitedSequencePoints="0" numBranchPoints="1" visitedBranchPoints="0" sequenceCoverage="0" branchCoverage="0" maxCyclomaticComplexity="1" minCyclomaticComplexity="1" maxCrapScore="2" minCrapScore="2" visitedClasses="0" numClasses="0" visitedMethods="0" numMethods="1" />
              <MetadataToken>100663318</MetadataToken>
              <Name>System.Void DrawingForm.Tests.Robot::SelectComboBox(System.String,System.String)</Name>
              <FileRef uid="2" />
              <SequencePoints>
                <SequencePoint vc="0" uspid="162" ordinal="0" offset="0" sl="174" sc="9" el="174" ec="10" bec="0" bev="0" fileid="2" />
                <SequencePoint vc="0" uspid="163" ordinal="1" offset="1" sl="175" sc="13" el="175" ec="81" bec="0" bev="0" fileid="2" />
                <SequencePoint vc="0" uspid="164" ordinal="2" offset="14" sl="176" sc="13" el="176" ec="29" bec="0" bev="0" fileid="2" />
                <SequencePoint vc="0" uspid="165" ordinal="3" offset="21" sl="177" sc="13" el="177" ec="58" bec="0" bev="0" fileid="2" />
                <SequencePoint vc="0" uspid="166" ordinal="4" offset="34" sl="178" sc="9" el="178" ec="10" bec="0" bev="0" fileid="2" />
              </SequencePoints>
              <BranchPoints />
              <MethodPoint xsi:type="SequencePoint" vc="0" uspid="162" ordinal="0" offset="0" sl="174" sc="9" el="174" ec="10" bec="0" bev="0" fileid="2" />
            </Method>
            <Method visited="false" cyclomaticComplexity="1" nPathComplexity="0" sequenceCoverage="0" branchCoverage="0" crapScore="2" isConstructor="false" isStatic="false" isGetter="false" isSetter="false">
              <Summary numSequencePoints="5" visitedSequencePoints="0" numBranchPoints="1" visitedBranchPoints="0" sequenceCoverage="0" branchCoverage="0" maxCyclomaticComplexity="1" minCyclomaticComplexity="1" maxCrapScore="2" minCrapScore="2" visitedClasses="0" numClasses="0" visitedMethods="0" numMethods="1" />
              <MetadataToken>100663319</MetadataToken>
              <Name>System.Void DrawingForm.Tests.Robot::AssertDataGridViewData(System.String,System.Int32,System.String,System.String)</Name>
              <FileRef uid="2" />
              <SequencePoints>
                <SequencePoint vc="0" uspid="167" ordinal="0" offset="0" sl="182" sc="9" el="182" ec="10" bec="0" bev="0" fileid="2" />
                <SequencePoint vc="0" uspid="168" ordinal="1" offset="1" sl="183" sc="13" el="183" ec="75" bec="0" bev="0" fileid="2" />
                <SequencePoint vc="0" uspid="169" ordinal="2" offset="14" sl="184" sc="13" el="184" ec="108" bec="0" bev="0" fileid="2" />
                <SequencePoint vc="0" uspid="170" ordinal="3" offset="49" sl="185" sc="13" el="185" ec="51" bec="0" bev="0" fileid="2" />
                <SequencePoint vc="0" uspid="171" ordinal="4" offset="63" sl="186" sc="9" el="186" ec="10" bec="0" bev="0" fileid="2" />
              </SequencePoints>
              <BranchPoints />
              <MethodPoint xsi:type="SequencePoint" vc="0" uspid="167" ordinal="0" offset="0" sl="182" sc="9" el="182" ec="10" bec="0" bev="0" fileid="2" />
            </Method>
            <Method visited="false" cyclomaticComplexity="5" nPathComplexity="4" sequenceCoverage="0" branchCoverage="0" crapScore="30" isConstructor="false" isStatic="false" isGetter="false" isSetter="false">
              <Summary numSequencePoints="13" visitedSequencePoints="0" numBranchPoints="5" visitedBranchPoints="0" sequenceCoverage="0" branchCoverage="0" maxCyclomaticComplexity="5" minCyclomaticComplexity="5" maxCrapScore="30" minCrapScore="30" visitedClasses="0" numClasses="0" visitedMethods="0" numMethods="1" />
              <MetadataToken>100663320</MetadataToken>
              <Name>System.Void DrawingForm.Tests.Robot::ClickButtonPrecision(System.String,System.String)</Name>
              <FileRef uid="2" />
              <SequencePoints>
                <SequencePoint vc="0" uspid="172" ordinal="0" offset="0" sl="190" sc="9" el="190" ec="10" bec="0" bev="0" fileid="2" />
                <SequencePoint vc="0" uspid="173" ordinal="1" offset="1" sl="191" sc="13" el="191" ec="102" bec="0" bev="0" fileid="2" />
                <SequencePoint vc="0" uspid="174" ordinal="2" offset="24" sl="192" sc="13" el="192" ec="20" bec="0" bev="0" fileid="2" />
                <SequencePoint vc="0" uspid="175" ordinal="3" offset="25" sl="192" sc="37" el="192" ec="45" bec="0" bev="0" fileid="2" />
                <SequencePoint vc="0" uspid="176" ordinal="4" offset="34" sl="192" sc="22" el="192" ec="33" bec="0" bev="0" fileid="2" />
                <SequencePoint vc="0" uspid="177" ordinal="5" offset="41" sl="193" sc="13" el="193" ec="14" bec="0" bev="0" fileid="2" />
                <SequencePoint vc="0" uspid="178" ordinal="6" offset="42" sl="194" sc="17" el="194" ec="89" bec="4" bev="0" fileid="2" />
                <SequencePoint vc="0" uspid="179" ordinal="7" offset="79" sl="195" sc="17" el="195" ec="18" bec="0" bev="0" fileid="2" />
                <SequencePoint vc="0" uspid="180" ordinal="8" offset="80" sl="196" sc="21" el="196" ec="37" bec="0" bev="0" fileid="2" />
                <SequencePoint vc="0" uspid="181" ordinal="9" offset="87" sl="197" sc="17" el="197" ec="18" bec="0" bev="0" fileid="2" />
                <SequencePoint vc="0" uspid="182" ordinal="10" offset="88" sl="198" sc="13" el="198" ec="14" bec="0" bev="0" fileid="2" />
                <SequencePoint vc="0" uspid="183" ordinal="11" offset="89" sl="192" sc="34" el="192" ec="36" bec="0" bev="0" fileid="2" />
                <SequencePoint vc="0" uspid="184" ordinal="12" offset="110" sl="199" sc="9" el="199" ec="10" bec="0" bev="0" fileid="2" />
              </SequencePoints>
              <BranchPoints>
                <BranchPoint vc="0" uspid="185" ordinal="0" offset="58" sl="194" path="0" offsetend="60" fileid="2" />
                <BranchPoint vc="0" uspid="186" ordinal="1" offset="58" sl="194" path="1" offsetend="74" fileid="2" />
                <BranchPoint vc="0" uspid="187" ordinal="2" offset="77" sl="194" path="0" offsetend="79" fileid="2" />
                <BranchPoint vc="0" uspid="188" ordinal="3" offset="77" sl="194" path="1" offsetend="88" fileid="2" />
              </BranchPoints>
              <MethodPoint xsi:type="SequencePoint" vc="0" uspid="172" ordinal="0" offset="0" sl="190" sc="9" el="190" ec="10" bec="0" bev="0" fileid="2" />
            </Method>
          </Methods>
        </Class>
        <Class>
          <Summary numSequencePoints="18" visitedSequencePoints="7" numBranchPoints="5" visitedBranchPoints="2" sequenceCoverage="38.89" branchCoverage="40" maxCyclomaticComplexity="1" minCyclomaticComplexity="1" maxCrapScore="2" minCrapScore="1.00" visitedClasses="1" numClasses="1" visitedMethods="2" numMethods="5" />
          <FullName>DrawingForm.Tests.UITests</FullName>
          <Methods>
            <Method visited="true" cyclomaticComplexity="1" nPathComplexity="0" sequenceCoverage="83.33" branchCoverage="100" crapScore="1.00" isConstructor="false" isStatic="false" isGetter="false" isSetter="false">
              <Summary numSequencePoints="6" visitedSequencePoints="5" numBranchPoints="1" visitedBranchPoints="1" sequenceCoverage="83.33" branchCoverage="100" maxCyclomaticComplexity="1" minCyclomaticComplexity="1" maxCrapScore="1.00" minCrapScore="1.00" visitedClasses="0" numClasses="0" visitedMethods="1" numMethods="1" />
              <MetadataToken>100663321</MetadataToken>
              <Name>System.Void DrawingForm.Tests.UITests::Initialize()</Name>
              <FileRef uid="3" />
              <SequencePoints>
                <SequencePoint vc="3" uspid="191" ordinal="0" offset="0" sl="21" sc="9" el="21" ec="10" bec="0" bev="0" fileid="3" />
                <SequencePoint vc="3" uspid="192" ordinal="1" offset="1" sl="22" sc="13" el="22" ec="45" bec="0" bev="0" fileid="3" />
                <SequencePoint vc="3" uspid="193" ordinal="2" offset="7" sl="23" sc="13" el="23" ec="142" bec="0" bev="0" fileid="3" />
                <SequencePoint vc="3" uspid="194" ordinal="3" offset="33" sl="24" sc="13" el="24" ec="104" bec="0" bev="0" fileid="3" />
                <SequencePoint vc="3" uspid="195" ordinal="4" offset="82" sl="25" sc="13" el="25" ec="62" bec="0" bev="0" fileid="3" />
                <SequencePoint vc="0" uspid="196" ordinal="5" offset="104" sl="26" sc="9" el="26" ec="10" bec="0" bev="0" fileid="3" />
              </SequencePoints>
              <BranchPoints />
              <MethodPoint xsi:type="SequencePoint" vc="3" uspid="191" ordinal="0" offset="0" sl="21" sc="9" el="21" ec="10" bec="0" bev="0" fileid="3" />
            </Method>
            <Method visited="true" cyclomaticComplexity="1" nPathComplexity="0" sequenceCoverage="66.67" branchCoverage="100" crapScore="1.04" isConstructor="false" isStatic="false" isGetter="false" isSetter="false">
              <Summary numSequencePoints="3" visitedSequencePoints="2" numBranchPoints="1" visitedBranchPoints="1" sequenceCoverage="66.67" branchCoverage="100" maxCyclomaticComplexity="1" minCyclomaticComplexity="1" maxCrapScore="1.04" minCrapScore="1.04" visitedClasses="0" numClasses="0" visitedMethods="1" numMethods="1" />
              <MetadataToken>100663322</MetadataToken>
              <Name>System.Void DrawingForm.Tests.UITests::Cleanup()</Name>
              <FileRef uid="3" />
              <SequencePoints>
                <SequencePoint vc="3" uspid="197" ordinal="0" offset="0" sl="31" sc="9" el="31" ec="10" bec="0" bev="0" fileid="3" />
                <SequencePoint vc="3" uspid="198" ordinal="1" offset="1" sl="32" sc="13" el="32" ec="30" bec="0" bev="0" fileid="3" />
                <SequencePoint vc="0" uspid="199" ordinal="2" offset="13" sl="33" sc="9" el="33" ec="10" bec="0" bev="0" fileid="3" />
              </SequencePoints>
              <BranchPoints />
              <MethodPoint xsi:type="SequencePoint" vc="3" uspid="197" ordinal="0" offset="0" sl="31" sc="9" el="31" ec="10" bec="0" bev="0" fileid="3" />
            </Method>
            <Method visited="false" cyclomaticComplexity="1" nPathComplexity="0" sequenceCoverage="0" branchCoverage="0" crapScore="2" isConstructor="false" isStatic="false" isGetter="false" isSetter="false">
              <Summary numSequencePoints="3" visitedSequencePoints="0" numBranchPoints="1" visitedBranchPoints="0" sequenceCoverage="0" branchCoverage="0" maxCyclomaticComplexity="1" minCyclomaticComplexity="1" maxCrapScore="2" minCrapScore="2" visitedClasses="0" numClasses="0" visitedMethods="0" numMethods="1" />
              <MetadataToken>100663323</MetadataToken>
              <Name>System.Void DrawingForm.Tests.UITests::TestSetRectangle()</Name>
              <FileRef uid="3" />
              <SequencePoints>
                <SequencePoint vc="0" uspid="200" ordinal="0" offset="0" sl="38" sc="9" el="38" ec="10" bec="0" bev="0" fileid="3" />
                <SequencePoint vc="0" uspid="201" ordinal="1" offset="1" sl="39" sc="13" el="39" ec="45" bec="0" bev="0" fileid="3" />
                <SequencePoint vc="0" uspid="202" ordinal="2" offset="18" sl="40" sc="9" el="40" ec="10" bec="0" bev="0" fileid="3" />
              </SequencePoints>
              <BranchPoints />
              <MethodPoint xsi:type="SequencePoint" vc="0" uspid="200" ordinal="0" offset="0" sl="38" sc="9" el="38" ec="10" bec="0" bev="0" fileid="3" />
            </Method>
            <Method visited="false" cyclomaticComplexity="1" nPathComplexity="0" sequenceCoverage="0" branchCoverage="0" crapScore="2" isConstructor="false" isStatic="false" isGetter="false" isSetter="false">
              <Summary numSequencePoints="3" visitedSequencePoints="0" numBranchPoints="1" visitedBranchPoints="0" sequenceCoverage="0" branchCoverage="0" maxCyclomaticComplexity="1" minCyclomaticComplexity="1" maxCrapScore="2" minCrapScore="2" visitedClasses="0" numClasses="0" visitedMethods="0" numMethods="1" />
              <MetadataToken>100663324</MetadataToken>
              <Name>System.Void DrawingForm.Tests.UITests::TestSetEllipse()</Name>
              <FileRef uid="3" />
              <SequencePoints>
                <SequencePoint vc="0" uspid="203" ordinal="0" offset="0" sl="45" sc="9" el="45" ec="10" bec="0" bev="0" fileid="3" />
                <SequencePoint vc="0" uspid="204" ordinal="1" offset="1" sl="46" sc="13" el="46" ec="43" bec="0" bev="0" fileid="3" />
                <SequencePoint vc="0" uspid="205" ordinal="2" offset="18" sl="47" sc="9" el="47" ec="10" bec="0" bev="0" fileid="3" />
              </SequencePoints>
              <BranchPoints />
              <MethodPoint xsi:type="SequencePoint" vc="0" uspid="203" ordinal="0" offset="0" sl="45" sc="9" el="45" ec="10" bec="0" bev="0" fileid="3" />
            </Method>
            <Method visited="false" cyclomaticComplexity="1" nPathComplexity="0" sequenceCoverage="0" branchCoverage="0" crapScore="2" isConstructor="false" isStatic="false" isGetter="false" isSetter="false">
              <Summary numSequencePoints="3" visitedSequencePoints="0" numBranchPoints="1" visitedBranchPoints="0" sequenceCoverage="0" branchCoverage="0" maxCyclomaticComplexity="1" minCyclomaticComplexity="1" maxCrapScore="2" minCrapScore="2" visitedClasses="0" numClasses="0" visitedMethods="0" numMethods="1" />
              <MetadataToken>100663325</MetadataToken>
              <Name>System.Void DrawingForm.Tests.UITests::TestClear()</Name>
              <FileRef uid="3" />
              <SequencePoints>
                <SequencePoint vc="0" uspid="206" ordinal="0" offset="0" sl="52" sc="9" el="52" ec="10" bec="0" bev="0" fileid="3" />
                <SequencePoint vc="0" uspid="207" ordinal="1" offset="1" sl="53" sc="13" el="53" ec="41" bec="0" bev="0" fileid="3" />
                <SequencePoint vc="0" uspid="208" ordinal="2" offset="18" sl="54" sc="9" el="54" ec="10" bec="0" bev="0" fileid="3" />
              </SequencePoints>
              <BranchPoints />
              <MethodPoint xsi:type="SequencePoint" vc="0" uspid="206" ordinal="0" offset="0" sl="52" sc="9" el="52" ec="10" bec="0" bev="0" fileid="3" />
            </Method>
            <Method visited="false" cyclomaticComplexity="1" nPathComplexity="0" sequenceCoverage="0" branchCoverage="0" crapScore="2" isConstructor="true" isStatic="false" isGetter="false" isSetter="false">
              <Summary numSequencePoints="0" visitedSequencePoints="0" numBranchPoints="0" visitedBranchPoints="0" sequenceCoverage="0" branchCoverage="0" maxCyclomaticComplexity="1" minCyclomaticComplexity="1" maxCrapScore="2" minCrapScore="2" visitedClasses="0" numClasses="0" visitedMethods="0" numMethods="0" />
              <MetadataToken>100663326</MetadataToken>
              <Name>System.Void DrawingForm.Tests.UITests::.ctor()</Name>
              <SequencePoints />
              <BranchPoints />
              <MethodPoint vc="0" uspid="209" ordinal="0" offset="0" />
            </Method>
          </Methods>
        </Class>
      </Classes>
    </Module>
    <Module hash="0F-93-DA-8A-1F-8E-91-B7-BF-7E-C7-B9-88-36-A0-2D-17-DB-80-4D">
      <Summary numSequencePoints="647" visitedSequencePoints="132" numBranchPoints="194" visitedBranchPoints="36" sequenceCoverage="20.40" branchCoverage="18.56" maxCyclomaticComplexity="10" minCyclomaticComplexity="1" maxCrapScore="110" minCrapScore="1" visitedClasses="5" numClasses="14" visitedMethods="33" numMethods="110" />
      <ModulePath>C:\Users\洪子翔\Desktop\大三上-視窗程式設計\DrawingFormAndApp\DrawingFormTests\bin\Debug\fine-code-coverage\build-output\DrawingForm.exe</ModulePath>
      <ModuleTime>2021-12-26T08:07:41.8409974Z</ModuleTime>
      <ModuleName>DrawingForm</ModuleName>
      <Files>
        <File uid="7" fullPath="C:\Users\洪子翔\Desktop\大三上-視窗程式設計\DrawingFormAndApp\DrawingForm\PresentationModel.cs" />
        <File uid="8" fullPath="C:\Users\洪子翔\Desktop\大三上-視窗程式設計\DrawingFormAndApp\DrawingForm\View\DoubleBufferedPanel.cs" />
        <File uid="9" fullPath="C:\Users\洪子翔\Desktop\大三上-視窗程式設計\DrawingFormAndApp\DrawingForm\View\Form1.cs" />
        <File uid="10" fullPath="C:\Users\洪子翔\Desktop\大三上-視窗程式設計\DrawingFormAndApp\DrawingForm\View\Form1.Designer.cs" />
        <File uid="11" fullPath="C:\Users\洪子翔\Desktop\大三上-視窗程式設計\DrawingFormAndApp\DrawingForm\Program.cs" />
        <File uid="12" fullPath="C:\Users\洪子翔\Desktop\大三上-視窗程式設計\DrawingFormAndApp\DrawingForm\View\WindowsFormsGraphicsAdaptor.cs" />
        <File uid="13" fullPath="C:\Users\洪子翔\Desktop\大三上-視窗程式設計\DrawingFormAndApp\DrawingModel\CommandManager.cs" />
        <File uid="14" fullPath="C:\Users\洪子翔\Desktop\大三上-視窗程式設計\DrawingFormAndApp\DrawingModel\DrawCommand.cs" />
        <File uid="15" fullPath="C:\Users\洪子翔\Desktop\大三上-視窗程式設計\DrawingFormAndApp\DrawingModel\Ellipse.cs" />
        <File uid="16" fullPath="C:\Users\洪子翔\Desktop\大三上-視窗程式設計\DrawingFormAndApp\DrawingModel\Line.cs" />
        <File uid="17" fullPath="C:\Users\洪子翔\Desktop\大三上-視窗程式設計\DrawingFormAndApp\DrawingModel\Model.cs" />
        <File uid="18" fullPath="C:\Users\洪子翔\Desktop\大三上-視窗程式設計\DrawingFormAndApp\DrawingModel\Rectangle.cs" />
        <File uid="19" fullPath="C:\Users\洪子翔\Desktop\大三上-視窗程式設計\DrawingFormAndApp\DrawingModel\Shape.cs" />
        <File uid="20" fullPath="C:\Users\洪子翔\Desktop\大三上-視窗程式設計\DrawingFormAndApp\DrawingModel\ShapeFactory.cs" />
        <File uid="21" fullPath="C:\Users\洪子翔\Desktop\大三上-視窗程式設計\DrawingFormAndApp\DrawingModel\Shapes.cs" />
      </Files>
      <Classes>
        <Class>
          <Summary numSequencePoints="60" visitedSequencePoints="58" numBranchPoints="15" visitedBranchPoints="13" sequenceCoverage="96.67" branchCoverage="86.67" maxCyclomaticComplexity="2" minCyclomaticComplexity="1" maxCrapScore="6" minCrapScore="1" visitedClasses="1" numClasses="1" visitedMethods="11" numMethods="11" />
          <FullName>DrawingForm.PresentationModel</FullName>
          <Methods>
            <Method visited="true" cyclomaticComplexity="1" nPathComplexity="0" sequenceCoverage="100" branchCoverage="100" crapScore="1" isConstructor="false" isStatic="false" isGetter="true" isSetter="false">
              <Summary numSequencePoints="3" visitedSequencePoints="3" numBranchPoints="1" visitedBranchPoints="1" sequenceCoverage="100" branchCoverage="100" maxCyclomaticComplexity="1" minCyclomaticComplexity="1" maxCrapScore="1" minCrapScore="1" visitedClasses="0" numClasses="0" visitedMethods="1" numMethods="1" />
              <MetadataToken>100663306</MetadataToken>
              <Name>System.Boolean DrawingForm.PresentationModel::get_IsRectangleMode()</Name>
              <FileRef uid="7" />
              <SequencePoints>
                <SequencePoint vc="4" uspid="210" ordinal="0" offset="0" sl="89" sc="13" el="89" ec="14" bec="0" bev="0" fileid="7" />
                <SequencePoint vc="4" uspid="211" ordinal="1" offset="1" sl="90" sc="17" el="90" ec="41" bec="0" bev="0" fileid="7" />
                <SequencePoint vc="4" uspid="212" ordinal="2" offset="10" sl="91" sc="13" el="91" ec="14" bec="0" bev="0" fileid="7" />
              </SequencePoints>
              <BranchPoints />
              <MethodPoint xsi:type="SequencePoint" vc="4" uspid="210" ordinal="0" offset="0" sl="89" sc="13" el="89" ec="14" bec="0" bev="0" fileid="7" />
            </Method>
            <Method visited="true" cyclomaticComplexity="1" nPathComplexity="0" sequenceCoverage="100" branchCoverage="100" crapScore="1" isConstructor="false" isStatic="false" isGetter="true" isSetter="false">
              <Summary numSequencePoints="3" visitedSequencePoints="3" numBranchPoints="1" visitedBranchPoints="1" sequenceCoverage="100" branchCoverage="100" maxCyclomaticComplexity="1" minCyclomaticComplexity="1" maxCrapScore="1" minCrapScore="1" visitedClasses="0" numClasses="0" visitedMethods="1" numMethods="1" />
              <MetadataToken>100663307</MetadataToken>
              <Name>System.Boolean DrawingForm.PresentationModel::get_IsEllipseMode()</Name>
              <FileRef uid="7" />
              <SequencePoints>
                <SequencePoint vc="4" uspid="213" ordinal="0" offset="0" sl="97" sc="13" el="97" ec="14" bec="0" bev="0" fileid="7" />
                <SequencePoint vc="4" uspid="214" ordinal="1" offset="1" sl="98" sc="17" el="98" ec="39" bec="0" bev="0" fileid="7" />
                <SequencePoint vc="4" uspid="215" ordinal="2" offset="10" sl="99" sc="13" el="99" ec="14" bec="0" bev="0" fileid="7" />
              </SequencePoints>
              <BranchPoints />
              <MethodPoint xsi:type="SequencePoint" vc="4" uspid="213" ordinal="0" offset="0" sl="97" sc="13" el="97" ec="14" bec="0" bev="0" fileid="7" />
            </Method>
            <Method visited="true" cyclomaticComplexity="1" nPathComplexity="0" sequenceCoverage="100" branchCoverage="100" crapScore="1" isConstructor="false" isStatic="false" isGetter="true" isSetter="false">
              <Summary numSequencePoints="3" visitedSequencePoints="3" numBranchPoints="1" visitedBranchPoints="1" sequenceCoverage="100" branchCoverage="100" maxCyclomaticComplexity="1" minCyclomaticComplexity="1" maxCrapScore="1" minCrapScore="1" visitedClasses="0" numClasses="0" visitedMethods="1" numMethods="1" />
              <MetadataToken>100663308</MetadataToken>
              <Name>System.Boolean DrawingForm.PresentationModel::get_IsLineMode()</Name>
              <FileRef uid="7" />
              <SequencePoints>
                <SequencePoint vc="4" uspid="216" ordinal="0" offset="0" sl="105" sc="13" el="105" ec="14" bec="0" bev="0" fileid="7" />
                <SequencePoint vc="4" uspid="217" ordinal="1" offset="1" sl="106" sc="17" el="106" ec="36" bec="0" bev="0" fileid="7" />
                <SequencePoint vc="4" uspid="218" ordinal="2" offset="10" sl="107" sc="13" el="107" ec="14" bec="0" bev="0" fileid="7" />
              </SequencePoints>
              <BranchPoints />
              <MethodPoint xsi:type="SequencePoint" vc="4" uspid="216" ordinal="0" offset="0" sl="105" sc="13" el="105" ec="14" bec="0" bev="0" fileid="7" />
            </Method>
            <Method visited="true" cyclomaticComplexity="1" nPathComplexity="0" sequenceCoverage="100" branchCoverage="100" crapScore="1" isConstructor="false" isStatic="false" isGetter="true" isSetter="false">
              <Summary numSequencePoints="3" visitedSequencePoints="3" numBranchPoints="1" visitedBranchPoints="1" sequenceCoverage="100" branchCoverage="100" maxCyclomaticComplexity="1" minCyclomaticComplexity="1" maxCrapScore="1" minCrapScore="1" visitedClasses="0" numClasses="0" visitedMethods="1" numMethods="1" />
              <MetadataToken>100663309</MetadataToken>
              <Name>System.String DrawingForm.PresentationModel::get_Info()</Name>
              <FileRef uid="7" />
              <SequencePoints>
                <SequencePoint vc="1" uspid="219" ordinal="0" offset="0" sl="113" sc="13" el="113" ec="14" bec="0" bev="0" fileid="7" />
                <SequencePoint vc="1" uspid="220" ordinal="1" offset="1" sl="114" sc="17" el="114" ec="30" bec="0" bev="0" fileid="7" />
                <SequencePoint vc="1" uspid="221" ordinal="2" offset="10" sl="115" sc="13" el="115" ec="14" bec="0" bev="0" fileid="7" />
              </SequencePoints>
              <BranchPoints />
              <MethodPoint xsi:type="SequencePoint" vc="1" uspid="219" ordinal="0" offset="0" sl="113" sc="13" el="113" ec="14" bec="0" bev="0" fileid="7" />
            </Method>
            <Method visited="false" cyclomaticComplexity="2" nPathComplexity="0" sequenceCoverage="0" branchCoverage="0" crapScore="6" isConstructor="false" isStatic="false" isGetter="false" isSetter="false">
              <Summary numSequencePoints="0" visitedSequencePoints="0" numBranchPoints="0" visitedBranchPoints="0" sequenceCoverage="0" branchCoverage="0" maxCyclomaticComplexity="2" minCyclomaticComplexity="2" maxCrapScore="6" minCrapScore="6" visitedClasses="0" numClasses="0" visitedMethods="0" numMethods="0" />
              <MetadataToken>100663297</MetadataToken>
              <Name>System.Void DrawingForm.PresentationModel::add__presentationModelChanged(DrawingForm.PresentationModel/PresentationModelChangedEventHandler)</Name>
              <SequencePoints />
              <BranchPoints />
              <MethodPoint vc="0" uspid="222" ordinal="0" offset="0" />
            </Method>
            <Method visited="false" cyclomaticComplexity="2" nPathComplexity="0" sequenceCoverage="0" branchCoverage="0" crapScore="6" isConstructor="false" isStatic="false" isGetter="false" isSetter="false">
              <Summary numSequencePoints="0" visitedSequencePoints="0" numBranchPoints="0" visitedBranchPoints="0" sequenceCoverage="0" branchCoverage="0" maxCyclomaticComplexity="2" minCyclomaticComplexity="2" maxCrapScore="6" minCrapScore="6" visitedClasses="0" numClasses="0" visitedMethods="0" numMethods="0" />
              <MetadataToken>100663298</MetadataToken>
              <Name>System.Void DrawingForm.PresentationModel::remove__presentationModelChanged(DrawingForm.PresentationModel/PresentationModelChangedEventHandler)</Name>
              <SequencePoints />
              <BranchPoints />
              <MethodPoint vc="0" uspid="223" ordinal="0" offset="0" />
            </Method>
            <Method visited="true" cyclomaticComplexity="1" nPathComplexity="0" sequenceCoverage="100" branchCoverage="100" crapScore="1" isConstructor="true" isStatic="false" isGetter="false" isSetter="false">
              <Summary numSequencePoints="8" visitedSequencePoints="8" numBranchPoints="1" visitedBranchPoints="1" sequenceCoverage="100" branchCoverage="100" maxCyclomaticComplexity="1" minCyclomaticComplexity="1" maxCrapScore="1" minCrapScore="1" visitedClasses="0" numClasses="0" visitedMethods="1" numMethods="1" />
              <MetadataToken>100663299</MetadataToken>
              <Name>System.Void DrawingForm.PresentationModel::.ctor(DrawingModel.Model)</Name>
              <FileRef uid="7" />
              <SequencePoints>
                <SequencePoint vc="5" uspid="224" ordinal="0" offset="0" sl="18" sc="9" el="18" ec="59" bec="0" bev="0" fileid="7" />
                <SequencePoint vc="5" uspid="225" ordinal="1" offset="7" sl="19" sc="9" el="19" ec="10" bec="0" bev="0" fileid="7" />
                <SequencePoint vc="5" uspid="226" ordinal="2" offset="8" sl="20" sc="13" el="20" ec="28" bec="0" bev="0" fileid="7" />
                <SequencePoint vc="5" uspid="227" ordinal="3" offset="15" sl="21" sc="13" el="21" ec="38" bec="0" bev="0" fileid="7" />
                <SequencePoint vc="5" uspid="228" ordinal="4" offset="22" sl="22" sc="13" el="22" ec="36" bec="0" bev="0" fileid="7" />
                <SequencePoint vc="5" uspid="229" ordinal="5" offset="29" sl="23" sc="13" el="23" ec="33" bec="0" bev="0" fileid="7" />
                <SequencePoint vc="5" uspid="230" ordinal="6" offset="36" sl="24" sc="13" el="24" ec="34" bec="0" bev="0" fileid="7" />
                <SequencePoint vc="5" uspid="231" ordinal="7" offset="47" sl="25" sc="9" el="25" ec="10" bec="0" bev="0" fileid="7" />
              </SequencePoints>
              <BranchPoints />
              <MethodPoint xsi:type="SequencePoint" vc="5" uspid="224" ordinal="0" offset="0" sl="18" sc="9" el="18" ec="59" bec="0" bev="0" fileid="7" />
            </Method>
            <Method visited="true" cyclomaticComplexity="1" nPathComplexity="0" sequenceCoverage="100" branchCoverage="100" crapScore="1" isConstructor="false" isStatic="false" isGetter="false" isSetter="false">
              <Summary numSequencePoints="7" visitedSequencePoints="7" numBranchPoints="1" visitedBranchPoints="1" sequenceCoverage="100" branchCoverage="100" maxCyclomaticComplexity="1" minCyclomaticComplexity="1" maxCrapScore="1" minCrapScore="1" visitedClasses="0" numClasses="0" visitedMethods="1" numMethods="1" />
              <MetadataToken>100663300</MetadataToken>
              <Name>System.Void DrawingForm.PresentationModel::Clear()</Name>
              <FileRef uid="7" />
              <SequencePoints>
                <SequencePoint vc="1" uspid="232" ordinal="0" offset="0" sl="29" sc="9" el="29" ec="10" bec="0" bev="0" fileid="7" />
                <SequencePoint vc="1" uspid="233" ordinal="1" offset="1" sl="30" sc="13" el="30" ec="38" bec="0" bev="0" fileid="7" />
                <SequencePoint vc="1" uspid="234" ordinal="2" offset="8" sl="31" sc="13" el="31" ec="36" bec="0" bev="0" fileid="7" />
                <SequencePoint vc="1" uspid="235" ordinal="3" offset="15" sl="32" sc="13" el="32" ec="33" bec="0" bev="0" fileid="7" />
                <SequencePoint vc="1" uspid="236" ordinal="4" offset="22" sl="33" sc="13" el="33" ec="28" bec="0" bev="0" fileid="7" />
                <SequencePoint vc="1" uspid="237" ordinal="5" offset="34" sl="34" sc="13" el="34" ec="30" bec="0" bev="0" fileid="7" />
                <SequencePoint vc="1" uspid="238" ordinal="6" offset="41" sl="35" sc="9" el="35" ec="10" bec="0" bev="0" fileid="7" />
              </SequencePoints>
              <BranchPoints />
              <MethodPoint xsi:type="SequencePoint" vc="1" uspid="232" ordinal="0" offset="0" sl="29" sc="9" el="29" ec="10" bec="0" bev="0" fileid="7" />
            </Method>
            <Method visited="true" cyclomaticComplexity="1" nPathComplexity="0" sequenceCoverage="100" branchCoverage="100" crapScore="1" isConstructor="false" isStatic="false" isGetter="false" isSetter="false">
              <Summary numSequencePoints="7" visitedSequencePoints="7" numBranchPoints="1" visitedBranchPoints="1" sequenceCoverage="100" branchCoverage="100" maxCyclomaticComplexity="1" minCyclomaticComplexity="1" maxCrapScore="1" minCrapScore="1" visitedClasses="0" numClasses="0" visitedMethods="1" numMethods="1" />
              <MetadataToken>100663301</MetadataToken>
              <Name>System.Void DrawingForm.PresentationModel::SetRectangleMode()</Name>
              <FileRef uid="7" />
              <SequencePoints>
                <SequencePoint vc="1" uspid="239" ordinal="0" offset="0" sl="39" sc="9" el="39" ec="10" bec="0" bev="0" fileid="7" />
                <SequencePoint vc="1" uspid="240" ordinal="1" offset="1" sl="40" sc="13" el="40" ec="37" bec="0" bev="0" fileid="7" />
                <SequencePoint vc="1" uspid="241" ordinal="2" offset="8" sl="41" sc="13" el="41" ec="36" bec="0" bev="0" fileid="7" />
                <SequencePoint vc="1" uspid="242" ordinal="3" offset="15" sl="42" sc="13" el="42" ec="33" bec="0" bev="0" fileid="7" />
                <SequencePoint vc="1" uspid="243" ordinal="4" offset="22" sl="43" sc="13" el="43" ec="35" bec="0" bev="0" fileid="7" />
                <SequencePoint vc="1" uspid="244" ordinal="5" offset="34" sl="44" sc="13" el="44" ec="30" bec="0" bev="0" fileid="7" />
                <SequencePoint vc="1" uspid="245" ordinal="6" offset="41" sl="45" sc="9" el="45" ec="10" bec="0" bev="0" fileid="7" />
              </SequencePoints>
              <BranchPoints />
              <MethodPoint xsi:type="SequencePoint" vc="1" uspid="239" ordinal="0" offset="0" sl="39" sc="9" el="39" ec="10" bec="0" bev="0" fileid="7" />
            </Method>
            <Method visited="true" cyclomaticComplexity="1" nPathComplexity="0" sequenceCoverage="100" branchCoverage="100" crapScore="1" isConstructor="false" isStatic="false" isGetter="false" isSetter="false">
              <Summary numSequencePoints="7" visitedSequencePoints="7" numBranchPoints="1" visitedBranchPoints="1" sequenceCoverage="100" branchCoverage="100" maxCyclomaticComplexity="1" minCyclomaticComplexity="1" maxCrapScore="1" minCrapScore="1" visitedClasses="0" numClasses="0" visitedMethods="1" numMethods="1" />
              <MetadataToken>100663302</MetadataToken>
              <Name>System.Void DrawingForm.PresentationModel::SetEllipseMode()</Name>
              <FileRef uid="7" />
              <SequencePoints>
                <SequencePoint vc="1" uspid="246" ordinal="0" offset="0" sl="49" sc="9" el="49" ec="10" bec="0" bev="0" fileid="7" />
                <SequencePoint vc="1" uspid="247" ordinal="1" offset="1" sl="50" sc="13" el="50" ec="38" bec="0" bev="0" fileid="7" />
                <SequencePoint vc="1" uspid="248" ordinal="2" offset="8" sl="51" sc="13" el="51" ec="35" bec="0" bev="0" fileid="7" />
                <SequencePoint vc="1" uspid="249" ordinal="3" offset="15" sl="52" sc="13" el="52" ec="33" bec="0" bev="0" fileid="7" />
                <SequencePoint vc="1" uspid="250" ordinal="4" offset="22" sl="53" sc="13" el="53" ec="33" bec="0" bev="0" fileid="7" />
                <SequencePoint vc="1" uspid="251" ordinal="5" offset="34" sl="54" sc="13" el="54" ec="30" bec="0" bev="0" fileid="7" />
                <SequencePoint vc="1" uspid="252" ordinal="6" offset="41" sl="55" sc="9" el="55" ec="10" bec="0" bev="0" fileid="7" />
              </SequencePoints>
              <BranchPoints />
              <MethodPoint xsi:type="SequencePoint" vc="1" uspid="246" ordinal="0" offset="0" sl="49" sc="9" el="49" ec="10" bec="0" bev="0" fileid="7" />
            </Method>
            <Method visited="true" cyclomaticComplexity="1" nPathComplexity="0" sequenceCoverage="100" branchCoverage="100" crapScore="1" isConstructor="false" isStatic="false" isGetter="false" isSetter="false">
              <Summary numSequencePoints="7" visitedSequencePoints="7" numBranchPoints="1" visitedBranchPoints="1" sequenceCoverage="100" branchCoverage="100" maxCyclomaticComplexity="1" minCyclomaticComplexity="1" maxCrapScore="1" minCrapScore="1" visitedClasses="0" numClasses="0" visitedMethods="1" numMethods="1" />
              <MetadataToken>100663303</MetadataToken>
              <Name>System.Void DrawingForm.PresentationModel::SetLineMode()</Name>
              <FileRef uid="7" />
              <SequencePoints>
                <SequencePoint vc="1" uspid="253" ordinal="0" offset="0" sl="59" sc="9" el="59" ec="10" bec="0" bev="0" fileid="7" />
                <SequencePoint vc="1" uspid="254" ordinal="1" offset="1" sl="60" sc="13" el="60" ec="38" bec="0" bev="0" fileid="7" />
                <SequencePoint vc="1" uspid="255" ordinal="2" offset="8" sl="61" sc="13" el="61" ec="36" bec="0" bev="0" fileid="7" />
                <SequencePoint vc="1" uspid="256" ordinal="3" offset="15" sl="62" sc="13" el="62" ec="32" bec="0" bev="0" fileid="7" />
                <SequencePoint vc="1" uspid="257" ordinal="4" offset="22" sl="63" sc="13" el="63" ec="30" bec="0" bev="0" fileid="7" />
                <SequencePoint vc="1" uspid="258" ordinal="5" offset="34" sl="64" sc="13" el="64" ec="30" bec="0" bev="0" fileid="7" />
                <SequencePoint vc="1" uspid="259" ordinal="6" offset="41" sl="65" sc="9" el="65" ec="10" bec="0" bev="0" fileid="7" />
              </SequencePoints>
              <BranchPoints />
[...]
                <SequencePoint vc="0" uspid="872" ordinal="14" offset="105" sl="32" sc="17" el="32" ec="18" bec="0" bev="0" fileid="20" />
                <SequencePoint vc="0" uspid="873" ordinal="15" offset="106" sl="33" sc="21" el="33" ec="40" bec="0" bev="0" fileid="20" />
                <SequencePoint vc="0" uspid="874" ordinal="16" offset="112" sl="34" sc="21" el="34" ec="39" bec="0" bev="0" fileid="20" />
                <SequencePoint vc="0" uspid="875" ordinal="17" offset="124" sl="35" sc="21" el="35" ec="34" bec="0" bev="0" fileid="20" />
                <SequencePoint vc="0" uspid="876" ordinal="18" offset="128" sl="37" sc="13" el="37" ec="14" bec="0" bev="0" fileid="20" />
                <SequencePoint vc="0" uspid="877" ordinal="19" offset="129" sl="38" sc="13" el="38" ec="25" bec="0" bev="0" fileid="20" />
                <SequencePoint vc="0" uspid="878" ordinal="20" offset="133" sl="39" sc="9" el="39" ec="10" bec="0" bev="0" fileid="20" />
              </SequencePoints>
              <BranchPoints>
                <BranchPoint vc="0" uspid="879" ordinal="0" offset="14" sl="17" path="0" offsetend="16" fileid="20" />
                <BranchPoint vc="0" uspid="880" ordinal="1" offset="14" sl="17" path="1" offsetend="39" fileid="20" />
                <BranchPoint vc="0" uspid="881" ordinal="2" offset="52" sl="23" path="0" offsetend="54" fileid="20" />
                <BranchPoint vc="0" uspid="882" ordinal="3" offset="52" sl="23" path="1" offsetend="77" fileid="20" />
                <BranchPoint vc="0" uspid="883" ordinal="4" offset="92" sl="29" path="0" offsetend="94" fileid="20" />
                <BranchPoint vc="0" uspid="884" ordinal="5" offset="92" sl="29" path="1" offsetend="129" fileid="20" />
                <BranchPoint vc="0" uspid="885" ordinal="6" offset="103" sl="31" path="0" offsetend="105" fileid="20" />
                <BranchPoint vc="0" uspid="886" ordinal="7" offset="103" sl="31" path="1" offsetend="128" fileid="20" />
              </BranchPoints>
              <MethodPoint xsi:type="SequencePoint" vc="0" uspid="858" ordinal="0" offset="0" sl="15" sc="9" el="15" ec="10" bec="0" bev="0" fileid="20" />
            </Method>
            <Method visited="false" cyclomaticComplexity="1" nPathComplexity="0" sequenceCoverage="0" branchCoverage="0" crapScore="2" isConstructor="true" isStatic="false" isGetter="false" isSetter="false">
              <Summary numSequencePoints="0" visitedSequencePoints="0" numBranchPoints="0" visitedBranchPoints="0" sequenceCoverage="0" branchCoverage="0" maxCyclomaticComplexity="1" minCyclomaticComplexity="1" maxCrapScore="2" minCrapScore="2" visitedClasses="0" numClasses="0" visitedMethods="0" numMethods="0" />
              <MetadataToken>100663422</MetadataToken>
              <Name>System.Void DrawingModel.ShapeFactory::.ctor()</Name>
              <SequencePoints />
              <BranchPoints />
              <MethodPoint vc="0" uspid="887" ordinal="0" offset="0" />
            </Method>
          </Methods>
        </Class>
        <Class>
          <Summary numSequencePoints="50" visitedSequencePoints="5" numBranchPoints="20" visitedBranchPoints="2" sequenceCoverage="10" branchCoverage="10" maxCyclomaticComplexity="6" minCyclomaticComplexity="1" maxCrapScore="42" minCrapScore="1" visitedClasses="1" numClasses="1" visitedMethods="2" numMethods="8" />
          <FullName>DrawingModel.Shapes</FullName>
          <Methods>
            <Method visited="false" cyclomaticComplexity="1" nPathComplexity="0" sequenceCoverage="0" branchCoverage="0" crapScore="2" isConstructor="false" isStatic="false" isGetter="true" isSetter="false">
              <Summary numSequencePoints="3" visitedSequencePoints="0" numBranchPoints="1" visitedBranchPoints="0" sequenceCoverage="0" branchCoverage="0" maxCyclomaticComplexity="1" minCyclomaticComplexity="1" maxCrapScore="2" minCrapScore="2" visitedClasses="0" numClasses="0" visitedMethods="0" numMethods="1" />
              <MetadataToken>100663429</MetadataToken>
              <Name>System.Collections.Generic.List`1&lt;DrawingModel.Shape&gt; DrawingModel.Shapes::get_ShapesList()</Name>
              <FileRef uid="21" />
              <SequencePoints>
                <SequencePoint vc="0" uspid="888" ordinal="0" offset="0" sl="70" sc="13" el="70" ec="14" bec="0" bev="0" fileid="21" />
                <SequencePoint vc="0" uspid="889" ordinal="1" offset="1" sl="71" sc="17" el="71" ec="36" bec="0" bev="0" fileid="21" />
                <SequencePoint vc="0" uspid="890" ordinal="2" offset="10" sl="72" sc="13" el="72" ec="14" bec="0" bev="0" fileid="21" />
              </SequencePoints>
              <BranchPoints />
              <MethodPoint xsi:type="SequencePoint" vc="0" uspid="888" ordinal="0" offset="0" sl="70" sc="13" el="70" ec="14" bec="0" bev="0" fileid="21" />
            </Method>
            <Method visited="false" cyclomaticComplexity="5" nPathComplexity="4" sequenceCoverage="0" branchCoverage="0" crapScore="30" isConstructor="false" isStatic="false" isGetter="false" isSetter="false">
              <Summary numSequencePoints="18" visitedSequencePoints="0" numBranchPoints="5" visitedBranchPoints="0" sequenceCoverage="0" branchCoverage="0" maxCyclomaticComplexity="5" minCyclomaticComplexity="5" maxCrapScore="30" minCrapScore="30" visitedClasses="0" numClasses="0" visitedMethods="0" numMethods="1" />
              <MetadataToken>100663423</MetadataToken>
              <Name>System.Void DrawingModel.Shapes::Draw(DrawingModel.IGraphics)</Name>
              <FileRef uid="21" />
              <SequencePoints>
                <SequencePoint vc="0" uspid="891" ordinal="0" offset="0" sl="14" sc="9" el="14" ec="10" bec="0" bev="0" fileid="21" />
                <SequencePoint vc="0" uspid="892" ordinal="1" offset="1" sl="15" sc="13" el="15" ec="20" bec="0" bev="0" fileid="21" />
                <SequencePoint vc="0" uspid="893" ordinal="2" offset="2" sl="15" sc="38" el="15" ec="49" bec="0" bev="0" fileid="21" />
                <SequencePoint vc="0" uspid="894" ordinal="3" offset="16" sl="15" sc="22" el="15" ec="34" bec="0" bev="0" fileid="21" />
                <SequencePoint vc="0" uspid="895" ordinal="4" offset="24" sl="16" sc="13" el="16" ec="14" bec="0" bev="0" fileid="21" />
                <SequencePoint vc="0" uspid="896" ordinal="5" offset="25" sl="17" sc="17" el="17" ec="36" bec="2" bev="0" fileid="21" />
                <SequencePoint vc="0" uspid="897" ordinal="6" offset="38" sl="18" sc="21" el="18" ec="43" bec="0" bev="0" fileid="21" />
                <SequencePoint vc="0" uspid="898" ordinal="7" offset="46" sl="19" sc="13" el="19" ec="14" bec="0" bev="0" fileid="21" />
                <SequencePoint vc="0" uspid="899" ordinal="8" offset="47" sl="15" sc="35" el="15" ec="37" bec="0" bev="0" fileid="21" />
                <SequencePoint vc="0" uspid="900" ordinal="9" offset="73" sl="20" sc="13" el="20" ec="20" bec="0" bev="0" fileid="21" />
                <SequencePoint vc="0" uspid="901" ordinal="10" offset="74" sl="20" sc="38" el="20" ec="49" bec="0" bev="0" fileid="21" />
                <SequencePoint vc="0" uspid="902" ordinal="11" offset="88" sl="20" sc="22" el="20" ec="34" bec="0" bev="0" fileid="21" />
                <SequencePoint vc="0" uspid="903" ordinal="12" offset="97" sl="21" sc="13" el="21" ec="14" bec="0" bev="0" fileid="21" />
                <SequencePoint vc="0" uspid="904" ordinal="13" offset="98" sl="22" sc="17" el="22" ec="39" bec="2" bev="0" fileid="21" />
                <SequencePoint vc="0" uspid="905" ordinal="14" offset="117" sl="23" sc="21" el="23" ec="43" bec="0" bev="0" fileid="21" />
                <SequencePoint vc="0" uspid="906" ordinal="15" offset="126" sl="24" sc="13" el="24" ec="14" bec="0" bev="0" fileid="21" />
                <SequencePoint vc="0" uspid="907" ordinal="16" offset="127" sl="20" sc="35" el="20" ec="37" bec="0" bev="0" fileid="21" />
                <SequencePoint vc="0" uspid="908" ordinal="17" offset="153" sl="25" sc="9" el="25" ec="10" bec="0" bev="0" fileid="21" />
              </SequencePoints>
              <BranchPoints>
                <BranchPoint vc="0" uspid="909" ordinal="0" offset="36" sl="17" path="0" offsetend="38" fileid="21" />
                <BranchPoint vc="0" uspid="910" ordinal="1" offset="36" sl="17" path="1" offsetend="46" fileid="21" />
                <BranchPoint vc="0" uspid="913" ordinal="4" offset="115" sl="22" path="0" offsetend="117" fileid="21" />
                <BranchPoint vc="0" uspid="914" ordinal="5" offset="115" sl="22" path="1" offsetend="126" fileid="21" />
              </BranchPoints>
              <MethodPoint xsi:type="SequencePoint" vc="0" uspid="891" ordinal="0" offset="0" sl="14" sc="9" el="14" ec="10" bec="0" bev="0" fileid="21" />
            </Method>
            <Method visited="false" cyclomaticComplexity="1" nPathComplexity="0" sequenceCoverage="0" branchCoverage="0" crapScore="2" isConstructor="false" isStatic="false" isGetter="false" isSetter="false">
              <Summary numSequencePoints="3" visitedSequencePoints="0" numBranchPoints="1" visitedBranchPoints="0" sequenceCoverage="0" branchCoverage="0" maxCyclomaticComplexity="1" minCyclomaticComplexity="1" maxCrapScore="2" minCrapScore="2" visitedClasses="0" numClasses="0" visitedMethods="0" numMethods="1" />
              <MetadataToken>100663424</MetadataToken>
              <Name>System.Void DrawingModel.Shapes::AddShape(DrawingModel.Shape)</Name>
              <FileRef uid="21" />
              <SequencePoints>
                <SequencePoint vc="0" uspid="917" ordinal="0" offset="0" sl="29" sc="9" el="29" ec="10" bec="0" bev="0" fileid="21" />
                <SequencePoint vc="0" uspid="918" ordinal="1" offset="1" sl="30" sc="13" el="30" ec="36" bec="0" bev="0" fileid="21" />
                <SequencePoint vc="0" uspid="919" ordinal="2" offset="14" sl="31" sc="9" el="31" ec="10" bec="0" bev="0" fileid="21" />
              </SequencePoints>
              <BranchPoints />
              <MethodPoint xsi:type="SequencePoint" vc="0" uspid="917" ordinal="0" offset="0" sl="29" sc="9" el="29" ec="10" bec="0" bev="0" fileid="21" />
            </Method>
            <Method visited="false" cyclomaticComplexity="1" nPathComplexity="0" sequenceCoverage="0" branchCoverage="0" crapScore="2" isConstructor="false" isStatic="false" isGetter="false" isSetter="false">
              <Summary numSequencePoints="3" visitedSequencePoints="0" numBranchPoints="1" visitedBranchPoints="0" sequenceCoverage="0" branchCoverage="0" maxCyclomaticComplexity="1" minCyclomaticComplexity="1" maxCrapScore="2" minCrapScore="2" visitedClasses="0" numClasses="0" visitedMethods="0" numMethods="1" />
              <MetadataToken>100663425</MetadataToken>
              <Name>System.Void DrawingModel.Shapes::DeleteShape()</Name>
              <FileRef uid="21" />
              <SequencePoints>
                <SequencePoint vc="0" uspid="920" ordinal="0" offset="0" sl="35" sc="9" el="35" ec="10" bec="0" bev="0" fileid="21" />
                <SequencePoint vc="0" uspid="921" ordinal="1" offset="1" sl="36" sc="13" el="36" ec="57" bec="0" bev="0" fileid="21" />
                <SequencePoint vc="0" uspid="922" ordinal="2" offset="26" sl="37" sc="9" el="37" ec="10" bec="0" bev="0" fileid="21" />
              </SequencePoints>
              <BranchPoints />
              <MethodPoint xsi:type="SequencePoint" vc="0" uspid="920" ordinal="0" offset="0" sl="35" sc="9" el="35" ec="10" bec="0" bev="0" fileid="21" />
            </Method>
            <Method visited="true" cyclomaticComplexity="1" nPathComplexity="0" sequenceCoverage="100" branchCoverage="100" crapScore="1" isConstructor="false" isStatic="false" isGetter="false" isSetter="false">
              <Summary numSequencePoints="3" visitedSequencePoints="3" numBranchPoints="1" visitedBranchPoints="1" sequenceCoverage="100" branchCoverage="100" maxCyclomaticComplexity="1" minCyclomaticComplexity="1" maxCrapScore="1" minCrapScore="1" visitedClasses="0" numClasses="0" visitedMethods="1" numMethods="1" />
              <MetadataToken>100663426</MetadataToken>
              <Name>System.Void DrawingModel.Shapes::Clear()</Name>
              <FileRef uid="21" />
              <SequencePoints>
                <SequencePoint vc="1" uspid="923" ordinal="0" offset="0" sl="41" sc="9" el="41" ec="10" bec="0" bev="0" fileid="21" />
                <SequencePoint vc="1" uspid="924" ordinal="1" offset="1" sl="42" sc="13" el="42" ec="33" bec="0" bev="0" fileid="21" />
                <SequencePoint vc="1" uspid="925" ordinal="2" offset="13" sl="43" sc="9" el="43" ec="10" bec="0" bev="0" fileid="21" />
              </SequencePoints>
              <BranchPoints />
              <MethodPoint xsi:type="SequencePoint" vc="1" uspid="923" ordinal="0" offset="0" sl="41" sc="9" el="41" ec="10" bec="0" bev="0" fileid="21" />
            </Method>
            <Method visited="false" cyclomaticComplexity="1" nPathComplexity="0" sequenceCoverage="0" branchCoverage="0" crapScore="2" isConstructor="false" isStatic="false" isGetter="false" isSetter="false">
              <Summary numSequencePoints="3" visitedSequencePoints="0" numBranchPoints="1" visitedBranchPoints="0" sequenceCoverage="0" branchCoverage="0" maxCyclomaticComplexity="1" minCyclomaticComplexity="1" maxCrapScore="2" minCrapScore="2" visitedClasses="0" numClasses="0" visitedMethods="0" numMethods="1" />
              <MetadataToken>100663427</MetadataToken>
              <Name>DrawingModel.Shape DrawingModel.Shapes::CreateShape(System.String,System.Double,System.Double)</Name>
              <FileRef uid="21" />
              <SequencePoints>
                <SequencePoint vc="0" uspid="926" ordinal="0" offset="0" sl="47" sc="9" el="47" ec="10" bec="0" bev="0" fileid="21" />
                <SequencePoint vc="0" uspid="927" ordinal="1" offset="1" sl="48" sc="13" el="48" ec="76" bec="0" bev="0" fileid="21" />
                <SequencePoint vc="0" uspid="928" ordinal="2" offset="24" sl="49" sc="9" el="49" ec="10" bec="0" bev="0" fileid="21" />
              </SequencePoints>
              <BranchPoints />
              <MethodPoint xsi:type="SequencePoint" vc="0" uspid="926" ordinal="0" offset="0" sl="47" sc="9" el="47" ec="10" bec="0" bev="0" fileid="21" />
            </Method>
            <Method visited="false" cyclomaticComplexity="6" nPathComplexity="16" sequenceCoverage="0" branchCoverage="0" crapScore="42" isConstructor="false" isStatic="false" isGetter="false" isSetter="false">
              <Summary numSequencePoints="15" visitedSequencePoints="0" numBranchPoints="9" visitedBranchPoints="0" sequenceCoverage="0" branchCoverage="0" maxCyclomaticComplexity="6" minCyclomaticComplexity="6" maxCrapScore="42" minCrapScore="42" visitedClasses="0" numClasses="0" visitedMethods="0" numMethods="1" />
              <MetadataToken>100663428</MetadataToken>
              <Name>DrawingModel.Shape DrawingModel.Shapes::LocateInShape(System.Double,System.Double)</Name>
              <FileRef uid="21" />
              <SequencePoints>
                <SequencePoint vc="0" uspid="929" ordinal="0" offset="0" sl="53" sc="9" el="53" ec="10" bec="0" bev="0" fileid="21" />
                <SequencePoint vc="0" uspid="930" ordinal="1" offset="1" sl="54" sc="13" el="54" ec="20" bec="0" bev="0" fileid="21" />
                <SequencePoint vc="0" uspid="931" ordinal="2" offset="2" sl="54" sc="37" el="54" ec="48" bec="0" bev="0" fileid="21" />
                <SequencePoint vc="0" uspid="932" ordinal="3" offset="16" sl="54" sc="22" el="54" ec="33" bec="0" bev="0" fileid="21" />
                <SequencePoint vc="0" uspid="933" ordinal="4" offset="24" sl="55" sc="13" el="55" ec="14" bec="0" bev="0" fileid="21" />
                <SequencePoint vc="0" uspid="934" ordinal="5" offset="25" sl="56" sc="17" el="56" ec="52" bec="4" bev="0" fileid="21" />
                <SequencePoint vc="0" uspid="935" ordinal="6" offset="50" sl="57" sc="17" el="57" ec="18" bec="0" bev="0" fileid="21" />
                <SequencePoint vc="0" uspid="936" ordinal="7" offset="51" sl="58" sc="21" el="58" ec="56" bec="4" bev="0" fileid="21" />
                <SequencePoint vc="0" uspid="937" ordinal="8" offset="76" sl="59" sc="21" el="59" ec="22" bec="0" bev="0" fileid="21" />
                <SequencePoint vc="0" uspid="938" ordinal="9" offset="77" sl="60" sc="25" el="60" ec="38" bec="0" bev="0" fileid="21" />
                <SequencePoint vc="0" uspid="939" ordinal="10" offset="82" sl="62" sc="17" el="62" ec="18" bec="0" bev="0" fileid="21" />
                <SequencePoint vc="0" uspid="940" ordinal="11" offset="83" sl="63" sc="13" el="63" ec="14" bec="0" bev="0" fileid="21" />
                <SequencePoint vc="0" uspid="941" ordinal="12" offset="84" sl="54" sc="34" el="54" ec="36" bec="0" bev="0" fileid="21" />
                <SequencePoint vc="0" uspid="942" ordinal="13" offset="110" sl="64" sc="13" el="64" ec="25" bec="0" bev="0" fileid="21" />
                <SequencePoint vc="0" uspid="943" ordinal="14" offset="115" sl="65" sc="9" el="65" ec="10" bec="0" bev="0" fileid="21" />
              </SequencePoints>
              <BranchPoints>
                <BranchPoint vc="0" uspid="944" ordinal="0" offset="32" sl="56" path="0" offsetend="34" fileid="21" />
                <BranchPoint vc="0" uspid="945" ordinal="1" offset="32" sl="56" path="1" offsetend="45" fileid="21" />
                <BranchPoint vc="0" uspid="946" ordinal="2" offset="48" sl="56" path="0" offsetend="50" fileid="21" />
                <BranchPoint vc="0" uspid="947" ordinal="3" offset="48" sl="56" path="1" offsetend="83" fileid="21" />
                <BranchPoint vc="0" uspid="948" ordinal="4" offset="58" sl="58" path="0" offsetend="60" fileid="21" />
                <BranchPoint vc="0" uspid="949" ordinal="5" offset="58" sl="58" path="1" offsetend="71" fileid="21" />
                <BranchPoint vc="0" uspid="950" ordinal="6" offset="74" sl="58" path="0" offsetend="76" fileid="21" />
                <BranchPoint vc="0" uspid="951" ordinal="7" offset="74" sl="58" path="1" offsetend="82" fileid="21" />
              </BranchPoints>
              <MethodPoint xsi:type="SequencePoint" vc="0" uspid="929" ordinal="0" offset="0" sl="53" sc="9" el="53" ec="10" bec="0" bev="0" fileid="21" />
            </Method>
            <Method visited="true" cyclomaticComplexity="1" nPathComplexity="0" sequenceCoverage="100" branchCoverage="100" crapScore="1" isConstructor="true" isStatic="false" isGetter="false" isSetter="false">
              <Summary numSequencePoints="2" visitedSequencePoints="2" numBranchPoints="1" visitedBranchPoints="1" sequenceCoverage="100" branchCoverage="100" maxCyclomaticComplexity="1" minCyclomaticComplexity="1" maxCrapScore="1" minCrapScore="1" visitedClasses="0" numClasses="0" visitedMethods="1" numMethods="1" />
              <MetadataToken>100663430</MetadataToken>
              <Name>System.Void DrawingModel.Shapes::.ctor()</Name>
              <FileRef uid="21" />
              <SequencePoints>
                <SequencePoint vc="5" uspid="954" ordinal="0" offset="0" sl="9" sc="9" el="9" ec="53" bec="0" bev="0" fileid="21" />
                <SequencePoint vc="5" uspid="955" ordinal="1" offset="11" sl="10" sc="9" el="10" ec="57" bec="0" bev="0" fileid="21" />
              </SequencePoints>
              <BranchPoints />
              <MethodPoint xsi:type="SequencePoint" vc="5" uspid="954" ordinal="0" offset="0" sl="9" sc="9" el="9" ec="53" bec="0" bev="0" fileid="21" />
            </Method>
          </Methods>
        </Class>
      </Classes>
    </Module>
  </Modules>
</CoverageSession>